"../../../Engine/Content/EditorResources/S_Actor.ubulk" 0
"../../../Engine/Content/EditorResources/S_Actor.uasset" 1
"../../../Engine/Content/EditorResources/S_Actor.uexp" 2
"../../../Engine/Content/EditorResources/S_BoxReflectionCapture.uasset" 3
"../../../Engine/Content/EditorResources/S_BoxReflectionCapture.uexp" 4
"../../../Engine/Content/EngineResources/DefaultTexture.ubulk" 5
"../../../Engine/Content/EngineResources/DefaultTexture.uasset" 6
"../../../Engine/Content/EngineResources/DefaultTexture.uexp" 7
"../../../Engine/Content/EngineResources/DefaultTextureCube.uasset" 8
"../../../Engine/Content/EngineResources/DefaultTextureCube.uexp" 9
"../../../Engine/Content/EngineResources/DefaultVolumeTexture2D.uasset" 10
"../../../Engine/Content/EngineResources/DefaultVolumeTexture2D.uexp" 11
"../../../Engine/Content/EngineResources/DefaultVolumeTexture.uasset" 12
"../../../Engine/Content/EngineResources/DefaultVolumeTexture.uexp" 13
"../../../Engine/Content/EditorResources/S_Trigger.ubulk" 14
"../../../Engine/Content/EditorResources/S_Trigger.uasset" 15
"../../../Engine/Content/EditorResources/S_Trigger.uexp" 16
"../../../Engine/Content/EditorResources/S_TriggerBox.uasset" 17
"../../../Engine/Content/EditorResources/S_TriggerBox.uexp" 18
"../../../Engine/Content/EditorResources/S_TriggerCapsule.uasset" 19
"../../../Engine/Content/EditorResources/S_TriggerCapsule.uexp" 20
"../../../Engine/Content/EditorResources/S_TriggerSphere.uasset" 21
"../../../Engine/Content/EditorResources/S_TriggerSphere.uexp" 22
"../../../Engine/Content/EngineMeshes/Sphere.ubulk" 23
"../../../Engine/Content/EngineMeshes/Sphere.uasset" 24
"../../../Engine/Content/EngineMeshes/Sphere.uexp" 25
"../../../Engine/Content/EngineResources/GradientTexture0.uasset" 26
"../../../Engine/Content/EngineResources/GradientTexture0.uexp" 27
"../../../Engine/Content/EngineResources/Black.uasset" 28
"../../../Engine/Content/EngineResources/Black.uexp" 29
"../../../Engine/Content/VREditor/LaserPointer/VR_LaserPower_01.ubulk" 30
"../../../Engine/Content/VREditor/LaserPointer/VR_LaserPower_01.uasset" 31
"../../../Engine/Content/VREditor/LaserPointer/VR_LaserPower_01.uexp" 32
"../../../Engine/Content/VREditor/TransformGizmo/TransformGizmoMaterial.uasset" 33
"../../../Engine/Content/VREditor/TransformGizmo/TransformGizmoMaterial.uexp" 34
"../../../Engine/Content/VREditor/TransformGizmo/TranslucentTransformGizmoMaterial.uasset" 35
"../../../Engine/Content/VREditor/TransformGizmo/TranslucentTransformGizmoMaterial.uexp" 36
"../../../Engine/Content/VREditor/TransformGizmo/PlaneTranslationHandle.ubulk" 37
"../../../Engine/Content/VREditor/TransformGizmo/PlaneTranslationHandle.uasset" 38
"../../../Engine/Content/VREditor/TransformGizmo/PlaneTranslationHandle.uexp" 39
"../../../Engine/Content/VREditor/TransformGizmo/BoundingBoxCorner.ubulk" 40
"../../../Engine/Content/VREditor/TransformGizmo/BoundingBoxCorner.uasset" 41
"../../../Engine/Content/VREditor/TransformGizmo/BoundingBoxCorner.uexp" 42
"../../../Engine/Content/VREditor/TransformGizmo/BoundingBoxEdge.ubulk" 43
"../../../Engine/Content/VREditor/TransformGizmo/BoundingBoxEdge.uasset" 44
"../../../Engine/Content/VREditor/TransformGizmo/BoundingBoxEdge.uexp" 45
"../../../Engine/Content/VREditor/TransformGizmo/Main.uasset" 46
"../../../Engine/Content/VREditor/TransformGizmo/Main.uexp" 47
"../../../Engine/Content/VREditor/TransformGizmo/Xray.uasset" 48
"../../../Engine/Content/VREditor/TransformGizmo/Xray.uexp" 49
"../../../Engine/Content/VREditor/TransformGizmo/SM_Sequencer_Node.ubulk" 50
"../../../Engine/Content/VREditor/TransformGizmo/SM_Sequencer_Node.uasset" 51
"../../../Engine/Content/VREditor/TransformGizmo/SM_Sequencer_Node.uexp" 52
"../../../Engine/Content/EditorMaterials/Camera/CineMat.uasset" 53
"../../../Engine/Content/EditorMaterials/Camera/CineMat.uexp" 54
"../../../Engine/Content/EditorMaterials/Camera/MI_CineMat_Rig.uasset" 55
"../../../Engine/Content/EditorMaterials/Camera/MI_CineMat_Rig.uexp" 56
"../../../Engine/Content/EditorMeshes/Camera/SM_CraneRig_Base.ubulk" 57
"../../../Engine/Content/EditorMeshes/Camera/SM_CraneRig_Base.uasset" 58
"../../../Engine/Content/EditorMeshes/Camera/SM_CraneRig_Base.uexp" 59
"../../../Engine/Content/EditorMeshes/Camera/SM_CraneRig_Arm.ubulk" 60
"../../../Engine/Content/EditorMeshes/Camera/SM_CraneRig_Arm.uasset" 61
"../../../Engine/Content/EditorMeshes/Camera/SM_CraneRig_Arm.uexp" 62
"../../../Engine/Content/EditorMeshes/Camera/SM_CraneRig_Mount.ubulk" 63
"../../../Engine/Content/EditorMeshes/Camera/SM_CraneRig_Mount.uasset" 64
"../../../Engine/Content/EditorMeshes/Camera/SM_CraneRig_Mount.uexp" 65
"../../../Engine/Content/EditorMeshes/Camera/SM_CraneRig_Body.ubulk" 66
"../../../Engine/Content/EditorMeshes/Camera/SM_CraneRig_Body.uasset" 67
"../../../Engine/Content/EditorMeshes/Camera/SM_CraneRig_Body.uexp" 68
"../../../Engine/Content/EditorMeshes/Camera/SM_RailRig_Track.ubulk" 69
"../../../Engine/Content/EditorMeshes/Camera/SM_RailRig_Track.uasset" 70
"../../../Engine/Content/EditorMeshes/Camera/SM_RailRig_Track.uexp" 71
"../../../Engine/Content/EditorMeshes/Camera/SM_RailRig_Mount.ubulk" 72
"../../../Engine/Content/EditorMeshes/Camera/SM_RailRig_Mount.uasset" 73
"../../../Engine/Content/EditorMeshes/Camera/SM_RailRig_Mount.uexp" 74
"../../../Engine/Content/EngineMaterials/T_Default_Material_Grid_M.ubulk" 75
"../../../Engine/Content/EngineMaterials/T_Default_Material_Grid_M.uasset" 76
"../../../Engine/Content/EngineMaterials/T_Default_Material_Grid_M.uexp" 77
"../../../Engine/Content/EngineMaterials/T_Default_Material_Grid_N.ubulk" 78
"../../../Engine/Content/EngineMaterials/T_Default_Material_Grid_N.uasset" 79
"../../../Engine/Content/EngineMaterials/T_Default_Material_Grid_N.uexp" 80
"../../../Engine/Content/Functions/Engine_MaterialFunctions01/Opacity/CameraDepthFade.uasset" 81
"../../../Engine/Content/Functions/Engine_MaterialFunctions01/Opacity/CameraDepthFade.uexp" 82
"../../../Engine/Content/EngineMaterials/WorldGridMaterial.uasset" 83
"../../../Engine/Content/EngineMaterials/WorldGridMaterial.uexp" 84
"../../../Engine/Content/ArtTools/RenderToTexture/Meshes/S_1_Unit_Plane.ubulk" 85
"../../../Engine/Content/ArtTools/RenderToTexture/Meshes/S_1_Unit_Plane.uasset" 86
"../../../Engine/Content/ArtTools/RenderToTexture/Meshes/S_1_Unit_Plane.uexp" 87
"../../../Engine/Content/EditorMaterials/ParticleSystems/PSysThumbnail_NoImage.ubulk" 88
"../../../Engine/Content/EditorMaterials/ParticleSystems/PSysThumbnail_NoImage.uasset" 89
"../../../Engine/Content/EditorMaterials/ParticleSystems/PSysThumbnail_NoImage.uexp" 90
"../../../Engine/Content/EditorMaterials/ParticleSystems/PSysThumbnail_OOD.ubulk" 91
"../../../Engine/Content/EditorMaterials/ParticleSystems/PSysThumbnail_OOD.uasset" 92
"../../../Engine/Content/EditorMaterials/ParticleSystems/PSysThumbnail_OOD.uexp" 93
"../../../Engine/Content/EditorLandscapeResources/SplineEditorMeshMat.uasset" 94
"../../../Engine/Content/EditorLandscapeResources/SplineEditorMeshMat.uexp" 95
"../../../Engine/Content/EditorLandscapeResources/SplineEditorMesh.ubulk" 96
"../../../Engine/Content/EditorLandscapeResources/SplineEditorMesh.uasset" 97
"../../../Engine/Content/EditorLandscapeResources/SplineEditorMesh.uexp" 98
"../../../Engine/Content/EditorMeshes/EditorSphere.ubulk" 99
"../../../Engine/Content/EditorMeshes/EditorSphere.uasset" 100
"../../../Engine/Content/EditorMeshes/EditorSphere.uexp" 101
"../../../Engine/Content/EditorResources/S_Solver.ubulk" 102
"../../../Engine/Content/EditorResources/S_Solver.uasset" 103
"../../../Engine/Content/EditorResources/S_Solver.uexp" 104
"../../../Engine/Plugins/Media/MediaPlate/Content/SM_MediaPlateScreen.ubulk" 105
"../../../Engine/Plugins/Media/MediaPlate/Content/SM_MediaPlateScreen.uasset" 106
"../../../Engine/Plugins/Media/MediaPlate/Content/SM_MediaPlateScreen.uexp" 107
"../../../Engine/Content/EngineMaterials/Good64x64TilingNoiseHighFreq.uasset" 108
"../../../Engine/Content/EngineMaterials/Good64x64TilingNoiseHighFreq.uexp" 109
"../../../Engine/Content/EngineMaterials/DefaultBokeh.uasset" 110
"../../../Engine/Content/EngineMaterials/DefaultBokeh.uexp" 111
"../../../Engine/Content/EngineMaterials/PreintegratedSkinBRDF.uasset" 112
"../../../Engine/Content/EngineMaterials/PreintegratedSkinBRDF.uexp" 113
"../../../Engine/Content/EngineMaterials/MiniFont.uasset" 114
"../../../Engine/Content/EngineMaterials/MiniFont.uexp" 115
"../../../Engine/Content/EngineMaterials/WeightMapPlaceholderTexture.uasset" 116
"../../../Engine/Content/EngineMaterials/WeightMapPlaceholderTexture.uexp" 117
"../../../Engine/Content/EngineMaterials/DefaultWhiteGrid.ubulk" 118
"../../../Engine/Content/EngineMaterials/DefaultWhiteGrid.uasset" 119
"../../../Engine/Content/EngineMaterials/DefaultWhiteGrid.uexp" 120
"../../../Engine/Content/Animation/DefaultRecorderBoneCompression.uasset" 121
"../../../Engine/Content/Animation/DefaultRecorderBoneCompression.uexp" 122
"../../../Engine/Content/Animation/DefaultAnimCurveCompressionSettings.uasset" 123
"../../../Engine/Content/Animation/DefaultAnimCurveCompressionSettings.uexp" 124
"../../../Engine/Content/Animation/DefaultAnimBoneCompressionSettings.uasset" 125
"../../../Engine/Content/Animation/DefaultAnimBoneCompressionSettings.uexp" 126
"../../../Engine/Plugins/Interchange/Runtime/Content/Pipelines/DefaultMaterialPipeline.uasset" 127
"../../../Engine/Plugins/Interchange/Runtime/Content/Pipelines/DefaultMaterialPipeline.uexp" 128
"../../../Engine/Content/EngineMaterials/DefaultMaterial.uasset" 129
"../../../Engine/Content/EngineMaterials/DefaultMaterial.uexp" 130
"../../../Engine/Content/BasicShapes/Sphere.ubulk" 131
"../../../Engine/Content/BasicShapes/Sphere.uasset" 132
"../../../Engine/Content/BasicShapes/Sphere.uexp" 133
"../../../Engine/Content/BasicShapes/Plane.ubulk" 134
"../../../Engine/Content/BasicShapes/Plane.uasset" 135
"../../../Engine/Content/BasicShapes/Plane.uexp" 136
"../../../Engine/Content/BasicShapes/Cylinder.ubulk" 137
"../../../Engine/Content/BasicShapes/Cylinder.uasset" 138
"../../../Engine/Content/BasicShapes/Cylinder.uexp" 139
"../../../Engine/Content/BasicShapes/Cone.ubulk" 140
"../../../Engine/Content/BasicShapes/Cone.uasset" 141
"../../../Engine/Content/BasicShapes/Cone.uexp" 142
"../../../Engine/Content/EditorLandscapeResources/DefaultAlphaTexture.uasset" 143
"../../../Engine/Content/EditorLandscapeResources/DefaultAlphaTexture.uexp" 144
"../../../Engine/Content/EditorLandscapeResources/DataLayer.uasset" 145
"../../../Engine/Content/EditorLandscapeResources/DataLayer.uexp" 146
"../../../Engine/Content/EditorMaterials/PreviewShadowIndicator.ubulk" 147
"../../../Engine/Content/EditorMaterials/PreviewShadowIndicator.uasset" 148
"../../../Engine/Content/EditorMaterials/PreviewShadowIndicator.uexp" 149
"../../../Engine/Content/EditorMaterials/PreviewShadowIndicatorMaterial.uasset" 150
"../../../Engine/Content/EditorMaterials/PreviewShadowIndicatorMaterial.uexp" 151
"../../../Engine/Content/EditorMaterials/PhAT_UnselectedMaterial.uasset" 152
"../../../Engine/Content/EditorMaterials/PhAT_UnselectedMaterial.uexp" 153
"../../../Engine/Content/EditorMaterials/PhAT_NoCollisionMaterial.uasset" 154
"../../../Engine/Content/EditorMaterials/PhAT_NoCollisionMaterial.uexp" 155
"../../../Engine/Content/Functions/Engine_MaterialFunctions02/Utility/MakeFloat4.uasset" 156
"../../../Engine/Content/Functions/Engine_MaterialFunctions02/Utility/MakeFloat4.uexp" 157
"../../../Engine/Content/Functions/Engine_MaterialFunctions02/Utility/MakeFloat3.uasset" 158
"../../../Engine/Content/Functions/Engine_MaterialFunctions02/Utility/MakeFloat3.uexp" 159
"../../../Engine/Content/Functions/Engine_MaterialFunctions02/Utility/BreakOutFloat3Components.uasset" 160
"../../../Engine/Content/Functions/Engine_MaterialFunctions02/Utility/BreakOutFloat3Components.uexp" 161
"../../../Engine/Content/EditorMaterials/WorldPartition/WorldPartitionSpatialHashGridPreviewMaterial.uasset" 162
"../../../Engine/Content/EditorMaterials/WorldPartition/WorldPartitionSpatialHashGridPreviewMaterial.uexp" 163
"../../../Engine/Content/EditorResources/S_Terrain.ubulk" 164
"../../../Engine/Content/EditorResources/S_Terrain.uasset" 165
"../../../Engine/Content/EditorResources/S_Terrain.uexp" 166
"../../../Engine/Content/EditorResources/EmptyActor.uasset" 167
"../../../Engine/Content/EditorResources/EmptyActor.uexp" 168
"../../../Engine/Content/EditorResources/BSPVertex.uasset" 169
"../../../Engine/Content/EditorResources/BSPVertex.uexp" 170
"../../../Engine/Content/EditorResources/SequenceRecorder/RecordingIndicator.uasset" 171
"../../../Engine/Content/EditorResources/SequenceRecorder/RecordingIndicator.uexp" 172
"../../../Engine/Content/EditorResources/SequenceRecorder/Countdown.uasset" 173
"../../../Engine/Content/EditorResources/SequenceRecorder/Countdown.uexp" 174
"../../../Engine/Content/EditorResources/LightIcons/S_LightError.uasset" 175
"../../../Engine/Content/EditorResources/LightIcons/S_LightError.uexp" 176
"../../../Engine/Content/EngineDamageTypes/DmgTypeBP_Environmental.uasset" 177
"../../../Engine/Content/EngineDamageTypes/DmgTypeBP_Environmental.uexp" 178
"../../../Engine/Plugins/Interchange/Runtime/Content/Pipelines/DefaultAssetsPipeline.uasset" 179
"../../../Engine/Plugins/Interchange/Runtime/Content/Pipelines/DefaultAssetsPipeline.uexp" 180
"../../../Engine/Content/Functions/Engine_MaterialFunctions02/Utility/CameraDirectionVector.uasset" 181
"../../../Engine/Content/Functions/Engine_MaterialFunctions02/Utility/CameraDirectionVector.uexp" 182
"../../../Engine/Content/EngineDebugMaterials/VolumeToRender.uasset" 183
"../../../Engine/Content/EngineDebugMaterials/VolumeToRender.uexp" 184
"../../../Engine/Content/EngineDebugMaterials/M_VolumeRenderSphereTracePP.uasset" 185
"../../../Engine/Content/EngineDebugMaterials/M_VolumeRenderSphereTracePP.uexp" 186
"../../../Engine/Content/EngineDebugMaterials/M_SimpleUnlitTranslucent.uasset" 187
"../../../Engine/Content/EngineDebugMaterials/M_SimpleUnlitTranslucent.uexp" 188
"../../../Engine/Content/EngineDebugMaterials/DebugMeshMaterial.uasset" 189
"../../../Engine/Content/EngineDebugMaterials/DebugMeshMaterial.uexp" 190
"../../../Engine/Content/EngineDebugMaterials/DebugEditorMaterial.uasset" 191
"../../../Engine/Content/EngineDebugMaterials/DebugEditorMaterial.uexp" 192
"../../../Engine/Content/EngineFonts/Faces/RobotoLight.uexp" 193
"../../../Engine/Content/EngineFonts/Faces/RobotoLight.uasset" 194
"../../../Engine/Content/EngineFonts/Faces/RobotoLight.ufont" 195
"../../../Engine/Content/EngineFonts/Faces/RobotoBold.uexp" 196
"../../../Engine/Content/EngineFonts/Faces/RobotoBold.uasset" 197
"../../../Engine/Content/EngineFonts/Faces/RobotoBold.ufont" 198
"../../../Engine/Content/EngineFonts/Faces/RobotoRegular.uexp" 199
"../../../Engine/Content/EngineFonts/Faces/RobotoRegular.uasset" 200
"../../../Engine/Content/EngineFonts/Faces/RobotoRegular.ufont" 201
"../../../Engine/Content/EngineFonts/Faces/DroidSansFallback.uexp" 202
"../../../Engine/Content/EngineFonts/Faces/DroidSansFallback.uasset" 203
"../../../Engine/Content/EngineFonts/Faces/DroidSansFallback.ufont" 204
"../../../Engine/Content/EngineFonts/Faces/RobotoItalic.uexp" 205
"../../../Engine/Content/EngineFonts/Faces/RobotoItalic.uasset" 206
"../../../Engine/Content/EngineFonts/Faces/RobotoItalic.ufont" 207
"../../../Engine/Content/EngineFonts/Faces/RobotoBoldItalic.uexp" 208
"../../../Engine/Content/EngineFonts/Faces/RobotoBoldItalic.uasset" 209
"../../../Engine/Content/EngineFonts/Faces/RobotoBoldItalic.ufont" 210
"../../../Engine/Content/EngineFonts/Roboto.uasset" 211
"../../../Engine/Content/EngineFonts/Roboto.uexp" 212
"../../../Engine/Content/EngineResources/WhiteSquareTexture.uasset" 213
"../../../Engine/Content/EngineResources/WhiteSquareTexture.uexp" 214
"../../../Engine/Content/EngineMaterials/Widget3DPassThrough.uasset" 215
"../../../Engine/Content/EngineMaterials/Widget3DPassThrough.uexp" 216
"../../../Engine/Content/EngineMaterials/Widget3DPassThrough_Translucent.uasset" 217
"../../../Engine/Content/EngineMaterials/Widget3DPassThrough_Translucent.uexp" 218
"../../../Engine/Content/EngineMaterials/Widget3DPassThrough_Translucent_OneSided.uasset" 219
"../../../Engine/Content/EngineMaterials/Widget3DPassThrough_Translucent_OneSided.uexp" 220
"../../../Engine/Content/EngineMaterials/Widget3DPassThrough_Opaque.uasset" 221
"../../../Engine/Content/EngineMaterials/Widget3DPassThrough_Opaque.uexp" 222
"../../../Engine/Content/EngineMaterials/Widget3DPassThrough_Opaque_OneSided.uasset" 223
"../../../Engine/Content/EngineMaterials/Widget3DPassThrough_Opaque_OneSided.uexp" 224
"../../../Engine/Content/EngineMaterials/Widget3DPassThrough_Masked_OneSided.uasset" 225
"../../../Engine/Content/EngineMaterials/Widget3DPassThrough_Masked_OneSided.uexp" 226
"../../../Engine/Content/EngineMaterials/Widget3DPassThrough_Masked.uasset" 227
"../../../Engine/Content/EngineMaterials/Widget3DPassThrough_Masked.uexp" 228
"../../../Engine/Plugins/Runtime/MeshModelingToolset/Content/Materials/M_DynamicMeshComponentVtxColor.uasset" 229
"../../../Engine/Plugins/Runtime/MeshModelingToolset/Content/Materials/M_DynamicMeshComponentVtxColor.uexp" 230
"../../../Engine/Content/EngineMaterials/STBlueNoise_vec2_128x128x64.uasset" 231
"../../../Engine/Content/EngineMaterials/STBlueNoise_vec2_128x128x64.uexp" 232
"../../../Engine/Content/EngineMaterials/STBlueNoise_scalar_128x128x64.uasset" 233
"../../../Engine/Content/EngineMaterials/STBlueNoise_scalar_128x128x64.uexp" 234
"../../../Engine/Content/EngineMaterials/RemoveSurfaceMaterial.uasset" 235
"../../../Engine/Content/EngineMaterials/RemoveSurfaceMaterial.uexp" 236
"../../../Engine/Plugins/Interchange/Runtime/Content/gltf/Textures/T_Gray_Linear.uasset" 237
"../../../Engine/Plugins/Interchange/Runtime/Content/gltf/Textures/T_Gray_Linear.uexp" 238
"../../../Engine/Content/EngineMaterials/DefaultCalibrationGrayscale.uasset" 239
"../../../Engine/Content/EngineMaterials/DefaultCalibrationGrayscale.uexp" 240
"../../../Engine/Content/EngineMaterials/PPM_DefaultCalibrationGrayscale.uasset" 241
"../../../Engine/Content/EngineMaterials/PPM_DefaultCalibrationGrayscale.uexp" 242
"../../../Engine/Content/EngineMaterials/DefaultCalibrationColor.uasset" 243
"../../../Engine/Content/EngineMaterials/DefaultCalibrationColor.uexp" 244
"../../../Engine/Content/EngineMaterials/PPM_DefaultCalibrationColor.uasset" 245
"../../../Engine/Content/EngineMaterials/PPM_DefaultCalibrationColor.uexp" 246
"../../../Engine/Content/Functions/Engine_MaterialFunctions02/WorldPositionOffset/CameraOffset.uasset" 247
"../../../Engine/Content/Functions/Engine_MaterialFunctions02/WorldPositionOffset/CameraOffset.uexp" 248
"../../../Engine/Content/EngineMaterials/PhAT_JointLimitMaterial.uasset" 249
"../../../Engine/Content/EngineMaterials/PhAT_JointLimitMaterial.uexp" 250
"../../../Engine/Content/EngineMaterials/InvalidLightmapSettings.ubulk" 251
"../../../Engine/Content/EngineMaterials/InvalidLightmapSettings.uasset" 252
"../../../Engine/Content/EngineMaterials/InvalidLightmapSettings.uexp" 253
"../../../Engine/Content/EngineMaterials/M_InvalidLightmapSettings.uasset" 254
"../../../Engine/Content/EngineMaterials/M_InvalidLightmapSettings.uexp" 255
"../../../Engine/Plugins/Interchange/Runtime/Content/gltf/Textures/T_Black_srgb.uasset" 256
"../../../Engine/Plugins/Interchange/Runtime/Content/gltf/Textures/T_Black_srgb.uexp" 257
"../../../Engine/Content/EngineMaterials/GizmoMaterial.uasset" 258
"../../../Engine/Content/EngineMaterials/GizmoMaterial.uexp" 259
"../../../Engine/Content/EngineMaterials/BaseFlattenEmissiveMap_VT.uasset" 260
"../../../Engine/Content/EngineMaterials/BaseFlattenEmissiveMap_VT.uexp" 261
"../../../Engine/Content/EngineMaterials/BaseFlattenGrayscaleMap_VT.uasset" 262
"../../../Engine/Content/EngineMaterials/BaseFlattenGrayscaleMap_VT.uexp" 263
"../../../Engine/Content/EngineMaterials/BaseFlattenLinearColor_VT.uasset" 264
"../../../Engine/Content/EngineMaterials/BaseFlattenLinearColor_VT.uexp" 265
"../../../Engine/Content/EngineMaterials/Black_1x1_EXR_Texture_VT.uasset" 266
"../../../Engine/Content/EngineMaterials/Black_1x1_EXR_Texture_VT.uexp" 267
"../../../Engine/Content/EngineMaterials/BaseFlattenDiffuseMap_VT.uasset" 268
"../../../Engine/Content/EngineMaterials/BaseFlattenDiffuseMap_VT.uexp" 269
"../../../Engine/Content/EngineMaterials/BaseFlattenNormalMap_VT.uasset" 270
"../../../Engine/Content/EngineMaterials/BaseFlattenNormalMap_VT.uexp" 271
"../../../Engine/Content/EngineMaterials/FlattenMaterial_WS_Normal_VT.uasset" 272
"../../../Engine/Content/EngineMaterials/FlattenMaterial_WS_Normal_VT.uexp" 273
"../../../Engine/Content/EngineMaterials/FlattenMaterial_VT.uasset" 274
"../../../Engine/Content/EngineMaterials/FlattenMaterial_VT.uexp" 275
"../../../Engine/Content/EngineMaterials/BaseFlattenNormalMap.uasset" 276
"../../../Engine/Content/EngineMaterials/BaseFlattenNormalMap.uexp" 277
"../../../Engine/Content/EngineMaterials/BaseFlattenGrayscaleMap.uasset" 278
"../../../Engine/Content/EngineMaterials/BaseFlattenGrayscaleMap.uexp" 279
"../../../Engine/Content/EngineMaterials/BaseFlattenDiffuseMap.uasset" 280
"../../../Engine/Content/EngineMaterials/BaseFlattenDiffuseMap.uexp" 281
"../../../Engine/Content/Functions/Engine_MaterialFunctions02/PivotPainter2/Black_1x1_EXR_Texture.uasset" 282
"../../../Engine/Content/Functions/Engine_MaterialFunctions02/PivotPainter2/Black_1x1_EXR_Texture.uexp" 283
"../../../Engine/Content/EngineMaterials/BaseFlattenEmissiveMap.uasset" 284
"../../../Engine/Content/EngineMaterials/BaseFlattenEmissiveMap.uexp" 285
"../../../Engine/Content/EngineMaterials/BaseFlattenLinearColor.uasset" 286
"../../../Engine/Content/EngineMaterials/BaseFlattenLinearColor.uexp" 287
"../../../Engine/Content/EngineMaterials/FlattenMaterial.uasset" 288
"../../../Engine/Content/EngineMaterials/FlattenMaterial.uexp" 289
"../../../Engine/Content/EngineMaterials/DefaultWhiteGrid_Low.uasset" 290
"../../../Engine/Content/EngineMaterials/DefaultWhiteGrid_Low.uexp" 291
"../../../Engine/Content/EngineMaterials/EmissiveMeshMaterial.uasset" 292
"../../../Engine/Content/EngineMaterials/EmissiveMeshMaterial.uexp" 293
"../../../Engine/Plugins/Interchange/Runtime/Content/Materials/MapOrLinearColorFunction.uasset" 294
"../../../Engine/Plugins/Interchange/Runtime/Content/Materials/MapOrLinearColorFunction.uexp" 295
"../../../Engine/Content/EngineMaterials/DefaultNormal.ubulk" 296
"../../../Engine/Content/EngineMaterials/DefaultNormal.uasset" 297
"../../../Engine/Content/EngineMaterials/DefaultNormal.uexp" 298
"../../../Engine/Plugins/Interchange/Runtime/Content/Materials/MapOrScalarFunction.uasset" 299
"../../../Engine/Plugins/Interchange/Runtime/Content/Materials/MapOrScalarFunction.uexp" 300
"../../../Engine/Plugins/Interchange/Runtime/Content/Materials/MapOrColorFunction.uasset" 301
"../../../Engine/Plugins/Interchange/Runtime/Content/Materials/MapOrColorFunction.uexp" 302
"../../../Engine/Plugins/Interchange/Runtime/Content/Materials/CommonMaterial.uasset" 303
"../../../Engine/Plugins/Interchange/Runtime/Content/Materials/CommonMaterial.uexp" 304
"../../../Engine/Plugins/Interchange/Runtime/Content/Materials/PBRSurfaceFunction.uasset" 305
"../../../Engine/Plugins/Interchange/Runtime/Content/Materials/PBRSurfaceFunction.uexp" 306
"../../../Engine/Plugins/Interchange/Runtime/Content/Materials/ClearCoatMaterial.uasset" 307
"../../../Engine/Plugins/Interchange/Runtime/Content/Materials/ClearCoatMaterial.uexp" 308
"../../../Engine/Plugins/Interchange/Runtime/Content/gltf/MaterialFunctions/MF_RotateV2.uasset" 309
"../../../Engine/Plugins/Interchange/Runtime/Content/gltf/MaterialFunctions/MF_RotateV2.uexp" 310
"../../../Engine/Plugins/Interchange/Runtime/Content/gltf/MaterialFunctions/MF_TransformUVs.uasset" 311
"../../../Engine/Plugins/Interchange/Runtime/Content/gltf/MaterialFunctions/MF_TransformUVs.uexp" 312
"../../../Engine/Plugins/Interchange/Runtime/Content/gltf/Textures/T_White_srgb.uasset" 313
"../../../Engine/Plugins/Interchange/Runtime/Content/gltf/Textures/T_White_srgb.uexp" 314
"../../../Engine/Plugins/Interchange/Runtime/Content/gltf/MaterialFunctions/MF_BaseColor.uasset" 315
"../../../Engine/Plugins/Interchange/Runtime/Content/gltf/MaterialFunctions/MF_BaseColor.uexp" 316
"../../../Engine/Plugins/Interchange/Runtime/Content/gltf/MaterialFunctions/MF_DiffuseSpecGloss.uasset" 317
"../../../Engine/Plugins/Interchange/Runtime/Content/gltf/MaterialFunctions/MF_DiffuseSpecGloss.uexp" 318
"../../../Engine/Plugins/Interchange/Runtime/Content/gltf/Textures/T_White_Linear.uasset" 319
"../../../Engine/Plugins/Interchange/Runtime/Content/gltf/Textures/T_White_Linear.uexp" 320
"../../../Engine/Plugins/Interchange/Runtime/Content/gltf/MaterialFunctions/MF_MetallicRoughness.uasset" 321
"../../../Engine/Plugins/Interchange/Runtime/Content/gltf/MaterialFunctions/MF_MetallicRoughness.uexp" 322
"../../../Engine/Content/Functions/Engine_MaterialFunctions02/Math/Transform3x3Matrix.uasset" 323
"../../../Engine/Content/Functions/Engine_MaterialFunctions02/Math/Transform3x3Matrix.uexp" 324
"../../../Engine/Plugins/Interchange/Runtime/Content/gltf/MaterialFunctions/MF_RotateNormals_TS.uasset" 325
"../../../Engine/Plugins/Interchange/Runtime/Content/gltf/MaterialFunctions/MF_RotateNormals_TS.uexp" 326
"../../../Engine/Plugins/Interchange/Runtime/Content/gltf/Textures/T_Generic_N.uasset" 327
"../../../Engine/Plugins/Interchange/Runtime/Content/gltf/Textures/T_Generic_N.uexp" 328
"../../../Engine/Plugins/Interchange/Runtime/Content/gltf/MaterialFunctions/MF_Clearcoat.uasset" 329
"../../../Engine/Plugins/Interchange/Runtime/Content/gltf/MaterialFunctions/MF_Clearcoat.uexp" 330
"../../../Engine/Plugins/Interchange/Runtime/Content/gltf/MaterialFunctions/MF_Occlusion.uasset" 331
"../../../Engine/Plugins/Interchange/Runtime/Content/gltf/MaterialFunctions/MF_Occlusion.uexp" 332
"../../../Engine/Plugins/Interchange/Runtime/Content/gltf/MaterialFunctions/MF_Emissive.uasset" 333
"../../../Engine/Plugins/Interchange/Runtime/Content/gltf/MaterialFunctions/MF_Emissive.uexp" 334
"../../../Engine/Plugins/Interchange/Runtime/Content/gltf/MaterialFunctions/MF_Specular.uasset" 335
"../../../Engine/Plugins/Interchange/Runtime/Content/gltf/MaterialFunctions/MF_Specular.uexp" 336
"../../../Engine/Plugins/Interchange/Runtime/Content/gltf/MaterialFunctions/MF_IOR.uasset" 337
"../../../Engine/Plugins/Interchange/Runtime/Content/gltf/MaterialFunctions/MF_IOR.uexp" 338
"../../../Engine/Content/Functions/Engine_MaterialFunctions01/Texturing/FlattenNormal.uasset" 339
"../../../Engine/Content/Functions/Engine_MaterialFunctions01/Texturing/FlattenNormal.uexp" 340
"../../../Engine/Plugins/Interchange/Runtime/Content/gltf/MaterialFunctions/MF_Normals.uasset" 341
"../../../Engine/Plugins/Interchange/Runtime/Content/gltf/MaterialFunctions/MF_Normals.uexp" 342
"../../../Engine/Content/Functions/Engine_MaterialFunctions02/Math/AddComponents.uasset" 343
"../../../Engine/Content/Functions/Engine_MaterialFunctions02/Math/AddComponents.uexp" 344
"../../../Engine/Plugins/Interchange/Runtime/Content/gltf/MaterialFunctions/MF_PerceivedBrightness.uasset" 345
"../../../Engine/Plugins/Interchange/Runtime/Content/gltf/MaterialFunctions/MF_PerceivedBrightness.uexp" 346
"../../../Engine/Plugins/Interchange/Runtime/Content/gltf/MaterialFunctions/MF_SpecGlossToMetalRoughness.uasset" 347
"../../../Engine/Plugins/Interchange/Runtime/Content/gltf/MaterialFunctions/MF_SpecGlossToMetalRoughness.uexp" 348
"../../../Engine/Plugins/Interchange/Runtime/Content/gltf/M_Opaque.uasset" 349
"../../../Engine/Plugins/Interchange/Runtime/Content/gltf/M_Opaque.uexp" 350
"../../../Engine/Plugins/Interchange/Runtime/Content/gltf/MaterialInstances_SG/MI_Opaque.uasset" 351
"../../../Engine/Plugins/Interchange/Runtime/Content/gltf/MaterialInstances_SG/MI_Opaque.uexp" 352
"../../../Engine/Content/EngineFonts/RobotoDistanceField.uasset" 353
"../../../Engine/Content/EngineFonts/RobotoDistanceField.uexp" 354
"../../../Engine/Content/EngineMaterials/DefaultTextMaterialOpaque.uasset" 355
"../../../Engine/Content/EngineMaterials/DefaultTextMaterialOpaque.uexp" 356
"../../../Engine/Content/EngineMaterials/DefaultDiffuse.ubulk" 357
"../../../Engine/Content/EngineMaterials/DefaultDiffuse.uasset" 358
"../../../Engine/Content/EngineMaterials/DefaultDiffuse.uexp" 359
"../../../Engine/Content/Functions/Engine_MaterialFunctions02/Utility/BreakOutFloat2Components.uasset" 360
"../../../Engine/Content/Functions/Engine_MaterialFunctions02/Utility/BreakOutFloat2Components.uexp" 361
"../../../Engine/Content/EngineMaterials/DefaultPostProcessMaterial.uasset" 362
"../../../Engine/Content/EngineMaterials/DefaultPostProcessMaterial.uexp" 363
"../../../Engine/Content/EngineMaterials/DefaultPhysicalMaterial.uasset" 364
"../../../Engine/Content/EngineMaterials/DefaultPhysicalMaterial.uexp" 365
"../../../Engine/Content/EngineMaterials/DefaultLightFunctionMaterial.uasset" 366
"../../../Engine/Content/EngineMaterials/DefaultLightFunctionMaterial.uexp" 367
"../../../Engine/Content/EngineMaterials/DefaultDestructiblePhysicalMaterial.uasset" 368
"../../../Engine/Content/EngineMaterials/DefaultDestructiblePhysicalMaterial.uexp" 369
"../../../Engine/Content/EngineMaterials/DefaultDeferredDecalMaterial.uasset" 370
"../../../Engine/Content/EngineMaterials/DefaultDeferredDecalMaterial.uexp" 371
"../../../Engine/Content/EngineMaterials/DefaultBloomKernel.uasset" 372
"../../../Engine/Content/EngineMaterials/DefaultBloomKernel.uexp" 373
"../../../Engine/Plugins/Interchange/Runtime/Content/Materials/UnlitMaterial.uasset" 374
"../../../Engine/Plugins/Interchange/Runtime/Content/Materials/UnlitMaterial.uexp" 375
"../../../Engine/Plugins/Interchange/Runtime/Content/Materials/ThinTranslucentMaterial.uasset" 376
"../../../Engine/Plugins/Interchange/Runtime/Content/Materials/ThinTranslucentMaterial.uexp" 377
"../../../Engine/Content/EngineMaterials/FlatNormal.uasset" 378
"../../../Engine/Content/EngineMaterials/FlatNormal.uexp" 379
"../../../Engine/Plugins/Interchange/Runtime/Content/Functions/MF_OrenNayerView.uasset" 380
"../../../Engine/Plugins/Interchange/Runtime/Content/Functions/MF_OrenNayerView.uexp" 381
"../../../Engine/Content/EditorLandscapeResources/WhiteSquareTexture.uasset" 382
"../../../Engine/Content/EditorLandscapeResources/WhiteSquareTexture.uexp" 383
"../../../Engine/Plugins/Interchange/Runtime/Content/Functions/MF_SchlickApprox.uasset" 384
"../../../Engine/Plugins/Interchange/Runtime/Content/Functions/MF_SchlickApprox.uexp" 385
"../../../Engine/Plugins/Interchange/Runtime/Content/Utilities/New_LUT.uasset" 386
"../../../Engine/Plugins/Interchange/Runtime/Content/Utilities/New_LUT.uexp" 387
"../../../Engine/Content/Functions/Engine_MaterialFunctions03/Math/RemapValueRange.uasset" 388
"../../../Engine/Content/Functions/Engine_MaterialFunctions03/Math/RemapValueRange.uexp" 389
"../../../Engine/Plugins/Interchange/Runtime/Content/Functions/MF_Iridescence.uasset" 390
"../../../Engine/Plugins/Interchange/Runtime/Content/Functions/MF_Iridescence.uexp" 391
"../../../Engine/Plugins/Interchange/Runtime/Content/Materials/OrenNayerMaterial.uasset" 392
"../../../Engine/Plugins/Interchange/Runtime/Content/Materials/OrenNayerMaterial.uexp" 393
"../../../Engine/Plugins/Interchange/Runtime/Content/Materials/SubsurfaceMaterial.uasset" 394
"../../../Engine/Plugins/Interchange/Runtime/Content/Materials/SubsurfaceMaterial.uexp" 395
"../../../Engine/Plugins/Interchange/Runtime/Content/Materials/SheenMaterial.uasset" 396
"../../../Engine/Plugins/Interchange/Runtime/Content/Materials/SheenMaterial.uexp" 397
"../../../Engine/Content/Functions/Engine_MaterialFunctions01/Shading/ConvertFromDiffSpec.uasset" 398
"../../../Engine/Content/Functions/Engine_MaterialFunctions01/Shading/ConvertFromDiffSpec.uexp" 399
"../../../Engine/Plugins/Interchange/Runtime/Content/Materials/PhongSurfaceMaterial.uasset" 400
"../../../Engine/Plugins/Interchange/Runtime/Content/Materials/PhongSurfaceMaterial.uexp" 401
"../../../Engine/Plugins/Interchange/Runtime/Content/Materials/PBRSurfaceMaterial.uasset" 402
"../../../Engine/Plugins/Interchange/Runtime/Content/Materials/PBRSurfaceMaterial.uexp" 403
"../../../Engine/Plugins/Interchange/Runtime/Content/Materials/LambertSurfaceMaterial.uasset" 404
"../../../Engine/Plugins/Interchange/Runtime/Content/Materials/LambertSurfaceMaterial.uexp" 405
"../../../Engine/Content/EngineResources/FilmGrains/Marcie_Grain_v3_128_M2_000.uasset" 406
"../../../Engine/Content/EngineResources/FilmGrains/Marcie_Grain_v3_128_M2_000.uexp" 407
"../../../Engine/Content/EngineSky/VolumetricClouds/CloudWeatherTexture.uasset" 408
"../../../Engine/Content/EngineSky/VolumetricClouds/CloudWeatherTexture.uexp" 409
"../../../Engine/Content/Functions/Engine_MaterialFunctions02/Utility/MakeFloat2.uasset" 410
"../../../Engine/Content/Functions/Engine_MaterialFunctions02/Utility/MakeFloat2.uexp" 411
"../../../Engine/Content/EngineSky/VolumetricClouds/CloudGradientTexture.uasset" 412
"../../../Engine/Content/EngineSky/VolumetricClouds/CloudGradientTexture.uexp" 413
"../../../Engine/Content/EngineSky/VolumetricClouds/T_NoiseShape64.ubulk" 414
"../../../Engine/Content/EngineSky/VolumetricClouds/T_NoiseShape64.uasset" 415
"../../../Engine/Content/EngineSky/VolumetricClouds/T_NoiseShape64.uexp" 416
"../../../Engine/Content/EngineSky/VolumetricClouds/T_VolumeNoiseShape64.uasset" 417
"../../../Engine/Content/EngineSky/VolumetricClouds/T_VolumeNoiseShape64.uexp" 418
"../../../Engine/Content/EngineSky/VolumetricClouds/T_NoiseErosion.ubulk" 419
"../../../Engine/Content/EngineSky/VolumetricClouds/T_NoiseErosion.uasset" 420
"../../../Engine/Content/EngineSky/VolumetricClouds/T_NoiseErosion.uexp" 421
"../../../Engine/Content/EngineSky/VolumetricClouds/T_VolumeNoiseErosion32.uasset" 422
"../../../Engine/Content/EngineSky/VolumetricClouds/T_VolumeNoiseErosion32.uexp" 423
"../../../Engine/Content/EngineSky/VolumetricClouds/m_SimpleVolumetricCloud.uasset" 424
"../../../Engine/Content/EngineSky/VolumetricClouds/m_SimpleVolumetricCloud.uexp" 425
"../../../Engine/Content/EngineSky/VolumetricClouds/m_SimpleVolumetricCloud_Inst.uasset" 426
"../../../Engine/Content/EngineSky/VolumetricClouds/m_SimpleVolumetricCloud_Inst.uexp" 427
"../../../Engine/Content/EngineSounds/Master.uasset" 428
"../../../Engine/Content/EngineSounds/Master.uexp" 429
"../../../Engine/Content/Functions/Engine_MaterialFunctions01/Shading/PowerToRoughness.uasset" 430
"../../../Engine/Content/Functions/Engine_MaterialFunctions01/Shading/PowerToRoughness.uexp" 431
"../../../Engine/Content/MobileResources/HUD/VirtualJoystick_Background.uasset" 432
"../../../Engine/Content/MobileResources/HUD/VirtualJoystick_Background.uexp" 433
"../../../Engine/Content/MobileResources/HUD/VirtualJoystick_Thumb.uasset" 434
"../../../Engine/Content/MobileResources/HUD/VirtualJoystick_Thumb.uexp" 435
"../../../Engine/Content/MobileResources/HUD/DefaultVirtualJoysticks.uasset" 436
"../../../Engine/Content/MobileResources/HUD/DefaultVirtualJoysticks.uexp" 437
"../../../Engine/Plugins/2D/Paper2D/Content/PlaceholderTextures/DummySpriteTexture.ubulk" 438
"../../../Engine/Plugins/2D/Paper2D/Content/PlaceholderTextures/DummySpriteTexture.uasset" 439
"../../../Engine/Plugins/2D/Paper2D/Content/PlaceholderTextures/DummySpriteTexture.uexp" 440
"../../../Engine/Plugins/2D/Paper2D/Content/DefaultSpriteMaterial.uasset" 441
"../../../Engine/Plugins/2D/Paper2D/Content/DefaultSpriteMaterial.uexp" 442
"../../../Engine/Plugins/2D/Paper2D/Content/OpaqueUnlitSpriteMaterial.uasset" 443
"../../../Engine/Plugins/2D/Paper2D/Content/OpaqueUnlitSpriteMaterial.uexp" 444
"../../../Engine/Plugins/2D/Paper2D/Content/MaskedUnlitSpriteMaterial.uasset" 445
"../../../Engine/Plugins/2D/Paper2D/Content/MaskedUnlitSpriteMaterial.uexp" 446
"../../../Engine/Plugins/2D/Paper2D/Content/DummySprite.uasset" 447
"../../../Engine/Plugins/2D/Paper2D/Content/DummySprite.uexp" 448
"../../../Engine/Plugins/2D/Paper2D/Content/DefaultPaperTerrainMaterial.uasset" 449
"../../../Engine/Plugins/2D/Paper2D/Content/DefaultPaperTerrainMaterial.uexp" 450
"../../../Engine/Plugins/Animation/ControlRig/Content/M_Manip.uasset" 451
"../../../Engine/Plugins/Animation/ControlRig/Content/M_Manip.uexp" 452
"../../../Engine/Plugins/Animation/ControlRig/Content/Controls/DefaultGizmoLibraryNormalized.uasset" 453
"../../../Engine/Plugins/Animation/ControlRig/Content/Controls/DefaultGizmoLibraryNormalized.uexp" 454
"../../../Engine/Plugins/Animation/ControlRig/Content/Controls/ControlRig_Wedge_solid.ubulk" 455
"../../../Engine/Plugins/Animation/ControlRig/Content/Controls/ControlRig_Wedge_solid.uasset" 456
"../../../Engine/Plugins/Animation/ControlRig/Content/Controls/ControlRig_Wedge_solid.uexp" 457
"../../../Engine/Plugins/Animation/ControlRig/Content/Controls/ControlRig_Wedge_3mm.ubulk" 458
"../../../Engine/Plugins/Animation/ControlRig/Content/Controls/ControlRig_Wedge_3mm.uasset" 459
"../../../Engine/Plugins/Animation/ControlRig/Content/Controls/ControlRig_Wedge_3mm.uexp" 460
"../../../Engine/Plugins/Animation/ControlRig/Content/Controls/ControlRig_Wedge_1mm.ubulk" 461
"../../../Engine/Plugins/Animation/ControlRig/Content/Controls/ControlRig_Wedge_1mm.uasset" 462
"../../../Engine/Plugins/Animation/ControlRig/Content/Controls/ControlRig_Wedge_1mm.uexp" 463
"../../../Engine/Plugins/Animation/ControlRig/Content/Controls/ControlRig_Triangle_solid.ubulk" 464
"../../../Engine/Plugins/Animation/ControlRig/Content/Controls/ControlRig_Triangle_solid.uasset" 465
"../../../Engine/Plugins/Animation/ControlRig/Content/Controls/ControlRig_Triangle_solid.uexp" 466
"../../../Engine/Plugins/Animation/ControlRig/Content/Controls/ControlRig_Triangle_3mm.ubulk" 467
"../../../Engine/Plugins/Animation/ControlRig/Content/Controls/ControlRig_Triangle_3mm.uasset" 468
"../../../Engine/Plugins/Animation/ControlRig/Content/Controls/ControlRig_Triangle_3mm.uexp" 469
"../../../Engine/Plugins/Animation/ControlRig/Content/Controls/ControlRig_Triangle_1mm.ubulk" 470
"../../../Engine/Plugins/Animation/ControlRig/Content/Controls/ControlRig_Triangle_1mm.uasset" 471
"../../../Engine/Plugins/Animation/ControlRig/Content/Controls/ControlRig_Triangle_1mm.uexp" 472
"../../../Engine/Plugins/Animation/ControlRig/Content/Controls/ControlRig_Star4_solid.ubulk" 473
"../../../Engine/Plugins/Animation/ControlRig/Content/Controls/ControlRig_Star4_solid.uasset" 474
"../../../Engine/Plugins/Animation/ControlRig/Content/Controls/ControlRig_Star4_solid.uexp" 475
"../../../Engine/Plugins/Animation/ControlRig/Content/Controls/ControlRig_Star4_3mm.ubulk" 476
"../../../Engine/Plugins/Animation/ControlRig/Content/Controls/ControlRig_Star4_3mm.uasset" 477
"../../../Engine/Plugins/Animation/ControlRig/Content/Controls/ControlRig_Star4_3mm.uexp" 478
"../../../Engine/Plugins/Animation/ControlRig/Content/Controls/ControlRig_Star4_1mm.ubulk" 479
"../../../Engine/Plugins/Animation/ControlRig/Content/Controls/ControlRig_Star4_1mm.uasset" 480
"../../../Engine/Plugins/Animation/ControlRig/Content/Controls/ControlRig_Star4_1mm.uexp" 481
"../../../Engine/Plugins/Animation/ControlRig/Content/Controls/ControlRig_Square_solid.ubulk" 482
"../../../Engine/Plugins/Animation/ControlRig/Content/Controls/ControlRig_Square_solid.uasset" 483
"../../../Engine/Plugins/Animation/ControlRig/Content/Controls/ControlRig_Square_solid.uexp" 484
"../../../Engine/Plugins/Animation/ControlRig/Content/Controls/ControlRig_Square_3mm.ubulk" 485
"../../../Engine/Plugins/Animation/ControlRig/Content/Controls/ControlRig_Square_3mm.uasset" 486
"../../../Engine/Plugins/Animation/ControlRig/Content/Controls/ControlRig_Square_3mm.uexp" 487
"../../../Engine/Plugins/Animation/ControlRig/Content/Controls/ControlRig_Square_1mm.ubulk" 488
"../../../Engine/Plugins/Animation/ControlRig/Content/Controls/ControlRig_Square_1mm.uasset" 489
"../../../Engine/Plugins/Animation/ControlRig/Content/Controls/ControlRig_Square_1mm.uexp" 490
"../../../Engine/Plugins/Animation/ControlRig/Content/Controls/ControlRig_Sphere_solid.ubulk" 491
"../../../Engine/Plugins/Animation/ControlRig/Content/Controls/ControlRig_Sphere_solid.uasset" 492
"../../../Engine/Plugins/Animation/ControlRig/Content/Controls/ControlRig_Sphere_solid.uexp" 493
"../../../Engine/Plugins/Animation/ControlRig/Content/Controls/ControlRig_Sphere_3mm.ubulk" 494
"../../../Engine/Plugins/Animation/ControlRig/Content/Controls/ControlRig_Sphere_3mm.uasset" 495
"../../../Engine/Plugins/Animation/ControlRig/Content/Controls/ControlRig_Sphere_3mm.uexp" 496
"../../../Engine/Plugins/Animation/ControlRig/Content/Controls/ControlRig_Sphere_1mm.ubulk" 497
"../../../Engine/Plugins/Animation/ControlRig/Content/Controls/ControlRig_Sphere_1mm.uasset" 498
"../../../Engine/Plugins/Animation/ControlRig/Content/Controls/ControlRig_Sphere_1mm.uexp" 499
"../../../Engine/Plugins/Animation/ControlRig/Content/Controls/ControlRig_RoundedTriangle_solid.ubulk" 500
"../../../Engine/Plugins/Animation/ControlRig/Content/Controls/ControlRig_RoundedTriangle_solid.uasset" 501
"../../../Engine/Plugins/Animation/ControlRig/Content/Controls/ControlRig_RoundedTriangle_solid.uexp" 502
"../../../Engine/Plugins/Animation/ControlRig/Content/Controls/ControlRig_RoundedTriangle_3mm.ubulk" 503
"../../../Engine/Plugins/Animation/ControlRig/Content/Controls/ControlRig_RoundedTriangle_3mm.uasset" 504
"../../../Engine/Plugins/Animation/ControlRig/Content/Controls/ControlRig_RoundedTriangle_3mm.uexp" 505
"../../../Engine/Plugins/Animation/ControlRig/Content/Controls/ControlRig_RoundedTriangle_1mm.ubulk" 506
"../../../Engine/Plugins/Animation/ControlRig/Content/Controls/ControlRig_RoundedTriangle_1mm.uasset" 507
"../../../Engine/Plugins/Animation/ControlRig/Content/Controls/ControlRig_RoundedTriangle_1mm.uexp" 508
"../../../Engine/Plugins/Animation/ControlRig/Content/Controls/ControlRig_RoundedSquare_solid.ubulk" 509
"../../../Engine/Plugins/Animation/ControlRig/Content/Controls/ControlRig_RoundedSquare_solid.uasset" 510
"../../../Engine/Plugins/Animation/ControlRig/Content/Controls/ControlRig_RoundedSquare_solid.uexp" 511
"../../../Engine/Plugins/Animation/ControlRig/Content/Controls/ControlRig_RoundedSquare_3mm.ubulk" 512
"../../../Engine/Plugins/Animation/ControlRig/Content/Controls/ControlRig_RoundedSquare_3mm.uasset" 513
"../../../Engine/Plugins/Animation/ControlRig/Content/Controls/ControlRig_RoundedSquare_3mm.uexp" 514
"../../../Engine/Plugins/Animation/ControlRig/Content/Controls/ControlRig_RoundedSquare_1mm.ubulk" 515
"../../../Engine/Plugins/Animation/ControlRig/Content/Controls/ControlRig_RoundedSquare_1mm.uasset" 516
"../../../Engine/Plugins/Animation/ControlRig/Content/Controls/ControlRig_RoundedSquare_1mm.uexp" 517
"../../../Engine/Plugins/Animation/ControlRig/Content/Controls/ControlRig_QuarterCircle_solid.ubulk" 518
"../../../Engine/Plugins/Animation/ControlRig/Content/Controls/ControlRig_QuarterCircle_solid.uasset" 519
"../../../Engine/Plugins/Animation/ControlRig/Content/Controls/ControlRig_QuarterCircle_solid.uexp" 520
"../../../Engine/Plugins/Animation/ControlRig/Content/Controls/ControlRig_QuarterCircle_3mm.ubulk" 521
"../../../Engine/Plugins/Animation/ControlRig/Content/Controls/ControlRig_QuarterCircle_3mm.uasset" 522
"../../../Engine/Plugins/Animation/ControlRig/Content/Controls/ControlRig_QuarterCircle_3mm.uexp" 523
"../../../Engine/Plugins/Animation/ControlRig/Content/Controls/ControlRig_QuarterCircle_1mm.ubulk" 524
"../../../Engine/Plugins/Animation/ControlRig/Content/Controls/ControlRig_QuarterCircle_1mm.uasset" 525
"../../../Engine/Plugins/Animation/ControlRig/Content/Controls/ControlRig_QuarterCircle_1mm.uexp" 526
"../../../Engine/Plugins/Animation/ControlRig/Content/Controls/ControlRig_Pyramid_solid.ubulk" 527
"../../../Engine/Plugins/Animation/ControlRig/Content/Controls/ControlRig_Pyramid_solid.uasset" 528
"../../../Engine/Plugins/Animation/ControlRig/Content/Controls/ControlRig_Pyramid_solid.uexp" 529
"../../../Engine/Plugins/Animation/ControlRig/Content/Controls/ControlRig_Pyramid_3mm.ubulk" 530
"../../../Engine/Plugins/Animation/ControlRig/Content/Controls/ControlRig_Pyramid_3mm.uasset" 531
"../../../Engine/Plugins/Animation/ControlRig/Content/Controls/ControlRig_Pyramid_3mm.uexp" 532
"../../../Engine/Plugins/Animation/ControlRig/Content/Controls/ControlRig_Pyramid_1mm.ubulk" 533
"../../../Engine/Plugins/Animation/ControlRig/Content/Controls/ControlRig_Pyramid_1mm.uasset" 534
"../../../Engine/Plugins/Animation/ControlRig/Content/Controls/ControlRig_Pyramid_1mm.uexp" 535
"../../../Engine/Plugins/Animation/ControlRig/Content/Controls/ControlRig_Octagon_solid.ubulk" 536
"../../../Engine/Plugins/Animation/ControlRig/Content/Controls/ControlRig_Octagon_solid.uasset" 537
"../../../Engine/Plugins/Animation/ControlRig/Content/Controls/ControlRig_Octagon_solid.uexp" 538
"../../../Engine/Plugins/Animation/ControlRig/Content/Controls/ControlRig_Octagon_3mm.ubulk" 539
"../../../Engine/Plugins/Animation/ControlRig/Content/Controls/ControlRig_Octagon_3mm.uasset" 540
"../../../Engine/Plugins/Animation/ControlRig/Content/Controls/ControlRig_Octagon_3mm.uexp" 541
"../../../Engine/Plugins/Animation/ControlRig/Content/Controls/ControlRig_Octagon_1mm.ubulk" 542
"../../../Engine/Plugins/Animation/ControlRig/Content/Controls/ControlRig_Octagon_1mm.uasset" 543
"../../../Engine/Plugins/Animation/ControlRig/Content/Controls/ControlRig_Octagon_1mm.uexp" 544
"../../../Engine/Plugins/Animation/ControlRig/Content/Controls/ControlRig_Hexagon_solid.ubulk" 545
"../../../Engine/Plugins/Animation/ControlRig/Content/Controls/ControlRig_Hexagon_solid.uasset" 546
"../../../Engine/Plugins/Animation/ControlRig/Content/Controls/ControlRig_Hexagon_solid.uexp" 547
"../../../Engine/Plugins/Animation/ControlRig/Content/Controls/ControlRig_Hexagon_3mm.ubulk" 548
"../../../Engine/Plugins/Animation/ControlRig/Content/Controls/ControlRig_Hexagon_3mm.uasset" 549
"../../../Engine/Plugins/Animation/ControlRig/Content/Controls/ControlRig_Hexagon_3mm.uexp" 550
"../../../Engine/Plugins/Animation/ControlRig/Content/Controls/ControlRig_Hexagon_1mm.ubulk" 551
"../../../Engine/Plugins/Animation/ControlRig/Content/Controls/ControlRig_Hexagon_1mm.uasset" 552
"../../../Engine/Plugins/Animation/ControlRig/Content/Controls/ControlRig_Hexagon_1mm.uexp" 553
"../../../Engine/Plugins/Animation/ControlRig/Content/Controls/ControlRig_HalfCircle_solid.ubulk" 554
"../../../Engine/Plugins/Animation/ControlRig/Content/Controls/ControlRig_HalfCircle_solid.uasset" 555
"../../../Engine/Plugins/Animation/ControlRig/Content/Controls/ControlRig_HalfCircle_solid.uexp" 556
"../../../Engine/Plugins/Animation/ControlRig/Content/Controls/ControlRig_HalfCircle_3mm.ubulk" 557
"../../../Engine/Plugins/Animation/ControlRig/Content/Controls/ControlRig_HalfCircle_3mm.uasset" 558
"../../../Engine/Plugins/Animation/ControlRig/Content/Controls/ControlRig_HalfCircle_3mm.uexp" 559
"../../../Engine/Plugins/Animation/ControlRig/Content/Controls/ControlRig_HalfCircle_1mm.ubulk" 560
"../../../Engine/Plugins/Animation/ControlRig/Content/Controls/ControlRig_HalfCircle_1mm.uasset" 561
"../../../Engine/Plugins/Animation/ControlRig/Content/Controls/ControlRig_HalfCircle_1mm.uexp" 562
"../../../Engine/Plugins/Animation/ControlRig/Content/Controls/ControlRig_Diamond_solid.ubulk" 563
"../../../Engine/Plugins/Animation/ControlRig/Content/Controls/ControlRig_Diamond_solid.uasset" 564
"../../../Engine/Plugins/Animation/ControlRig/Content/Controls/ControlRig_Diamond_solid.uexp" 565
"../../../Engine/Plugins/Animation/ControlRig/Content/Controls/ControlRig_Diamond_3mm.ubulk" 566
"../../../Engine/Plugins/Animation/ControlRig/Content/Controls/ControlRig_Diamond_3mm.uasset" 567
"../../../Engine/Plugins/Animation/ControlRig/Content/Controls/ControlRig_Diamond_3mm.uexp" 568
"../../../Engine/Plugins/Animation/ControlRig/Content/Controls/ControlRig_Diamond_1mm.ubulk" 569
"../../../Engine/Plugins/Animation/ControlRig/Content/Controls/ControlRig_Diamond_1mm.uasset" 570
"../../../Engine/Plugins/Animation/ControlRig/Content/Controls/ControlRig_Diamond_1mm.uexp" 571
"../../../Engine/Plugins/Animation/ControlRig/Content/Controls/ControlRig_Circle_solid.ubulk" 572
"../../../Engine/Plugins/Animation/ControlRig/Content/Controls/ControlRig_Circle_solid.uasset" 573
"../../../Engine/Plugins/Animation/ControlRig/Content/Controls/ControlRig_Circle_solid.uexp" 574
"../../../Engine/Plugins/Animation/ControlRig/Content/Controls/ControlRig_Circle_3mm.ubulk" 575
"../../../Engine/Plugins/Animation/ControlRig/Content/Controls/ControlRig_Circle_3mm.uasset" 576
"../../../Engine/Plugins/Animation/ControlRig/Content/Controls/ControlRig_Circle_3mm.uexp" 577
"../../../Engine/Plugins/Animation/ControlRig/Content/Controls/ControlRig_Circle_1mm.ubulk" 578
"../../../Engine/Plugins/Animation/ControlRig/Content/Controls/ControlRig_Circle_1mm.uasset" 579
"../../../Engine/Plugins/Animation/ControlRig/Content/Controls/ControlRig_Circle_1mm.uexp" 580
"../../../Engine/Plugins/Animation/ControlRig/Content/Controls/ControlRig_Box_solid.ubulk" 581
"../../../Engine/Plugins/Animation/ControlRig/Content/Controls/ControlRig_Box_solid.uasset" 582
"../../../Engine/Plugins/Animation/ControlRig/Content/Controls/ControlRig_Box_solid.uexp" 583
"../../../Engine/Plugins/Animation/ControlRig/Content/Controls/ControlRig_Box_3mm.ubulk" 584
"../../../Engine/Plugins/Animation/ControlRig/Content/Controls/ControlRig_Box_3mm.uasset" 585
"../../../Engine/Plugins/Animation/ControlRig/Content/Controls/ControlRig_Box_3mm.uexp" 586
"../../../Engine/Plugins/Animation/ControlRig/Content/Controls/ControlRig_Box_1mm.ubulk" 587
"../../../Engine/Plugins/Animation/ControlRig/Content/Controls/ControlRig_Box_1mm.uasset" 588
"../../../Engine/Plugins/Animation/ControlRig/Content/Controls/ControlRig_Box_1mm.uexp" 589
"../../../Engine/Plugins/Animation/ControlRig/Content/Controls/ControlRig_Arrow_solid.ubulk" 590
"../../../Engine/Plugins/Animation/ControlRig/Content/Controls/ControlRig_Arrow_solid.uasset" 591
"../../../Engine/Plugins/Animation/ControlRig/Content/Controls/ControlRig_Arrow_solid.uexp" 592
"../../../Engine/Plugins/Animation/ControlRig/Content/Controls/ControlRig_Arrow_3mm.ubulk" 593
"../../../Engine/Plugins/Animation/ControlRig/Content/Controls/ControlRig_Arrow_3mm.uasset" 594
"../../../Engine/Plugins/Animation/ControlRig/Content/Controls/ControlRig_Arrow_3mm.uexp" 595
"../../../Engine/Plugins/Animation/ControlRig/Content/Controls/ControlRig_Arrow_1mm.ubulk" 596
"../../../Engine/Plugins/Animation/ControlRig/Content/Controls/ControlRig_Arrow_1mm.uasset" 597
"../../../Engine/Plugins/Animation/ControlRig/Content/Controls/ControlRig_Arrow_1mm.uexp" 598
"../../../Engine/Plugins/Animation/ControlRig/Content/Controls/ControlRig_Arrow4_solid.ubulk" 599
"../../../Engine/Plugins/Animation/ControlRig/Content/Controls/ControlRig_Arrow4_solid.uasset" 600
"../../../Engine/Plugins/Animation/ControlRig/Content/Controls/ControlRig_Arrow4_solid.uexp" 601
"../../../Engine/Plugins/Animation/ControlRig/Content/Controls/ControlRig_Arrow4_3mm.ubulk" 602
"../../../Engine/Plugins/Animation/ControlRig/Content/Controls/ControlRig_Arrow4_3mm.uasset" 603
"../../../Engine/Plugins/Animation/ControlRig/Content/Controls/ControlRig_Arrow4_3mm.uexp" 604
"../../../Engine/Plugins/Animation/ControlRig/Content/Controls/ControlRig_Arrow4_1mm.ubulk" 605
"../../../Engine/Plugins/Animation/ControlRig/Content/Controls/ControlRig_Arrow4_1mm.uasset" 606
"../../../Engine/Plugins/Animation/ControlRig/Content/Controls/ControlRig_Arrow4_1mm.uexp" 607
"../../../Engine/Plugins/Animation/ControlRig/Content/Controls/ControlRig_Arrow2_solid.ubulk" 608
"../../../Engine/Plugins/Animation/ControlRig/Content/Controls/ControlRig_Arrow2_solid.uasset" 609
"../../../Engine/Plugins/Animation/ControlRig/Content/Controls/ControlRig_Arrow2_solid.uexp" 610
"../../../Engine/Plugins/Animation/ControlRig/Content/Controls/ControlRig_Arrow2_3mm.ubulk" 611
"../../../Engine/Plugins/Animation/ControlRig/Content/Controls/ControlRig_Arrow2_3mm.uasset" 612
"../../../Engine/Plugins/Animation/ControlRig/Content/Controls/ControlRig_Arrow2_3mm.uexp" 613
"../../../Engine/Plugins/Animation/ControlRig/Content/Controls/ControlRig_Arrow2_1mm.ubulk" 614
"../../../Engine/Plugins/Animation/ControlRig/Content/Controls/ControlRig_Arrow2_1mm.uasset" 615
"../../../Engine/Plugins/Animation/ControlRig/Content/Controls/ControlRig_Arrow2_1mm.uexp" 616
"../../../Engine/Plugins/Animation/ControlRig/Content/Controls/ControlRigXRayMaterial.uasset" 617
"../../../Engine/Plugins/Animation/ControlRig/Content/Controls/ControlRigXRayMaterial.uexp" 618
"../../../Engine/Plugins/Animation/ControlRig/Content/Controls/ControlRigGizmoMaterial.uasset" 619
"../../../Engine/Plugins/Animation/ControlRig/Content/Controls/ControlRigGizmoMaterial.uexp" 620
"../../../Engine/Plugins/Editor/SpeedTreeImporter/Content/SpeedTree9/game_wind_noise.ubulk" 621
"../../../Engine/Plugins/Editor/SpeedTreeImporter/Content/SpeedTree9/game_wind_noise.uasset" 622
"../../../Engine/Plugins/Editor/SpeedTreeImporter/Content/SpeedTree9/game_wind_noise.uexp" 623
"../../../Engine/Plugins/Editor/SpeedTreeImporter/Content/SpeedTree9/UnpackDirection.uasset" 624
"../../../Engine/Plugins/Editor/SpeedTreeImporter/Content/SpeedTree9/UnpackDirection.uexp" 625
"../../../Engine/Content/Functions/Engine_MaterialFunctions02/ObjectLocalBounds.uasset" 626
"../../../Engine/Content/Functions/Engine_MaterialFunctions02/ObjectLocalBounds.uexp" 627
"../../../Engine/Content/Functions/Engine_MaterialFunctions02/UVs/BoundingBoxBased_0-1_UVW.uasset" 628
"../../../Engine/Content/Functions/Engine_MaterialFunctions02/UVs/BoundingBoxBased_0-1_UVW.uexp" 629
"../../../Engine/Content/Functions/Engine_MaterialFunctions02/Utility/VectorLength.uasset" 630
"../../../Engine/Content/Functions/Engine_MaterialFunctions02/Utility/VectorLength.uexp" 631
"../../../Engine/Plugins/Editor/SpeedTreeImporter/Content/SpeedTree9/UnpackInteger3.uasset" 632
"../../../Engine/Plugins/Editor/SpeedTreeImporter/Content/SpeedTree9/UnpackInteger3.uexp" 633
"../../../Engine/Plugins/Editor/SpeedTreeImporter/Content/SpeedTree9/SpeedTreeCameraFacing.uasset" 634
"../../../Engine/Plugins/Editor/SpeedTreeImporter/Content/SpeedTree9/SpeedTreeCameraFacing.uexp" 635
"../../../Engine/Content/Functions/Engine_MaterialFunctions02/WorldPositionOffset/ObjectScale.uasset" 636
"../../../Engine/Content/Functions/Engine_MaterialFunctions02/WorldPositionOffset/ObjectScale.uexp" 637
"../../../Engine/Content/Functions/Engine_MaterialFunctions02/SafeNormalize.uasset" 638
"../../../Engine/Content/Functions/Engine_MaterialFunctions02/SafeNormalize.uexp" 639
"../../../Engine/Plugins/Editor/SpeedTreeImporter/Content/SpeedTree9/SpeedTreeWindMotion.uasset" 640
"../../../Engine/Plugins/Editor/SpeedTreeImporter/Content/SpeedTree9/SpeedTreeWindMotion.uexp" 641
"../../../Engine/Plugins/Editor/SpeedTreeImporter/Content/SpeedTree9/SpeedTreeBranchMotion.uasset" 642
"../../../Engine/Plugins/Editor/SpeedTreeImporter/Content/SpeedTree9/SpeedTreeBranchMotion.uexp" 643
"../../../Engine/Plugins/Editor/SpeedTreeImporter/Content/SpeedTree9/SpeedTreeWind.uasset" 644
"../../../Engine/Plugins/Editor/SpeedTreeImporter/Content/SpeedTree9/SpeedTreeWind.uexp" 645
"../../../Engine/Plugins/Editor/SpeedTreeImporter/Content/SpeedTree9/EmptyNormal.uasset" 646
"../../../Engine/Plugins/Editor/SpeedTreeImporter/Content/SpeedTree9/EmptyNormal.uexp" 647
"../../../Engine/Plugins/Editor/SpeedTreeImporter/Content/SpeedTree9/Empty.uasset" 648
"../../../Engine/Plugins/Editor/SpeedTreeImporter/Content/SpeedTree9/Empty.uexp" 649
"../../../Engine/Plugins/Editor/SpeedTreeImporter/Content/SpeedTree9/SpeedTreeMaster.uasset" 650
"../../../Engine/Plugins/Editor/SpeedTreeImporter/Content/SpeedTree9/SpeedTreeMaster.uexp" 651
"../../../Engine/Plugins/Editor/SpeedTreeImporter/Content/SpeedTree9/SpeedTreeBillboard.uasset" 652
"../../../Engine/Plugins/Editor/SpeedTreeImporter/Content/SpeedTree9/SpeedTreeBillboard.uexp" 653
"../../../Engine/Plugins/Editor/SpeedTreeImporter/Content/SpeedTree9/SpeedTreeBillboardMaster.uasset" 654
"../../../Engine/Plugins/Editor/SpeedTreeImporter/Content/SpeedTree9/SpeedTreeBillboardMaster.uexp" 655
"../../../Engine/Plugins/Interchange/Runtime/Content/Pipelines/DefaultSceneAssetsPipeline.uasset" 656
"../../../Engine/Plugins/Interchange/Runtime/Content/Pipelines/DefaultSceneAssetsPipeline.uexp" 657
"../../../Engine/Plugins/Interchange/Runtime/Content/Pipelines/DefaultTexturePipeline.uasset" 658
"../../../Engine/Plugins/Interchange/Runtime/Content/Pipelines/DefaultTexturePipeline.uexp" 659
"../../../Engine/Plugins/Interchange/Runtime/Content/Pipelines/DefaultSceneLevelPipeline.uasset" 660
"../../../Engine/Plugins/Interchange/Runtime/Content/Pipelines/DefaultSceneLevelPipeline.uexp" 661
"../../../Engine/Content/Functions/Engine_MaterialFunctions02/Texturing/CustomRotator.uasset" 662
"../../../Engine/Content/Functions/Engine_MaterialFunctions02/Texturing/CustomRotator.uexp" 663
"../../../Engine/Content/Functions/Engine_MaterialFunctions02/Texturing/ScreenAlignedPixelToPixelUVs.uasset" 664
"../../../Engine/Content/Functions/Engine_MaterialFunctions02/Texturing/ScreenAlignedPixelToPixelUVs.uexp" 665
"../../../Engine/Plugins/Interchange/Runtime/Content/Utilities/T_Bayer64_Grayscale_64px.uasset" 666
"../../../Engine/Plugins/Interchange/Runtime/Content/Utilities/T_Bayer64_Grayscale_64px.uexp" 667
"../../../Engine/Plugins/Interchange/Runtime/Content/gltf/MaterialFunctions/MF_Temporal_Blur.uasset" 668
"../../../Engine/Plugins/Interchange/Runtime/Content/gltf/MaterialFunctions/MF_Temporal_Blur.uexp" 669
"../../../Engine/Plugins/Interchange/Runtime/Content/gltf/MaterialFunctions/MF_Fresnel_DS.uasset" 670
"../../../Engine/Plugins/Interchange/Runtime/Content/gltf/MaterialFunctions/MF_Fresnel_DS.uexp" 671
"../../../Engine/Plugins/Interchange/Runtime/Content/Functions/MX_Transmission.uasset" 672
"../../../Engine/Plugins/Interchange/Runtime/Content/Functions/MX_Transmission.uexp" 673
"../../../Engine/Plugins/Interchange/Runtime/Content/Functions/MX_StandardSurface.uasset" 674
"../../../Engine/Plugins/Interchange/Runtime/Content/Functions/MX_StandardSurface.uexp" 675
"../../../Engine/Plugins/Interchange/Runtime/Content/Functions/MX_TransmissionSurface.uasset" 676
"../../../Engine/Plugins/Interchange/Runtime/Content/Functions/MX_TransmissionSurface.uexp" 677
"../../../Engine/Content/Functions/Engine_MaterialFunctions02/WorldPositionOffset/V2/ObjectScale.uasset" 678
"../../../Engine/Content/Functions/Engine_MaterialFunctions02/WorldPositionOffset/V2/ObjectScale.uexp" 679
"../../../Engine/Plugins/Interchange/Runtime/Content/gltf/MaterialFunctions/MF_TransmissionOpacity.uasset" 680
"../../../Engine/Plugins/Interchange/Runtime/Content/gltf/MaterialFunctions/MF_TransmissionOpacity.uexp" 681
"../../../Engine/Plugins/Interchange/Runtime/Content/gltf/MaterialFunctions/MF_Transmission.uasset" 682
"../../../Engine/Plugins/Interchange/Runtime/Content/gltf/MaterialFunctions/MF_Transmission.uexp" 683
"../../../Engine/Plugins/Interchange/Runtime/Content/gltf/M_Transmission.uasset" 684
"../../../Engine/Plugins/Interchange/Runtime/Content/gltf/M_Transmission.uexp" 685
"../../../Engine/Plugins/Interchange/Runtime/Content/gltf/MaterialInstances_MR/MI_Transmission_TS.uasset" 686
"../../../Engine/Plugins/Interchange/Runtime/Content/gltf/MaterialInstances_MR/MI_Transmission_TS.uexp" 687
"../../../Engine/Plugins/Interchange/Runtime/Content/gltf/MaterialInstances_MR/MI_Transmission.uasset" 688
"../../../Engine/Plugins/Interchange/Runtime/Content/gltf/MaterialInstances_MR/MI_Transmission.uexp" 689
"../../../Engine/Plugins/Interchange/Runtime/Content/gltf/M_Translucent.uasset" 690
"../../../Engine/Plugins/Interchange/Runtime/Content/gltf/M_Translucent.uexp" 691
"../../../Engine/Plugins/Interchange/Runtime/Content/gltf/MaterialInstances_MR/MI_Translucent_TS.uasset" 692
"../../../Engine/Plugins/Interchange/Runtime/Content/gltf/MaterialInstances_MR/MI_Translucent_TS.uexp" 693
"../../../Engine/Plugins/Interchange/Runtime/Content/gltf/MaterialInstances_MR/MI_Translucent_ClearCoat_TS.uasset" 694
"../../../Engine/Plugins/Interchange/Runtime/Content/gltf/MaterialInstances_MR/MI_Translucent_ClearCoat_TS.uexp" 695
"../../../Engine/Plugins/Interchange/Runtime/Content/gltf/MaterialInstances_MR/MI_Translucent_ClearCoat.uasset" 696
"../../../Engine/Plugins/Interchange/Runtime/Content/gltf/MaterialInstances_MR/MI_Translucent_ClearCoat.uexp" 697
"../../../Engine/Plugins/Interchange/Runtime/Content/gltf/MaterialInstances_MR/MI_Translucent.uasset" 698
"../../../Engine/Plugins/Interchange/Runtime/Content/gltf/MaterialInstances_MR/MI_Translucent.uexp" 699
"../../../Engine/Plugins/Interchange/Runtime/Content/gltf/M_Unlit.uasset" 700
"../../../Engine/Plugins/Interchange/Runtime/Content/gltf/M_Unlit.uexp" 701
"../../../Engine/Plugins/Interchange/Runtime/Content/gltf/MaterialInstances_MR/MI_Opaque_Unlit_TS.uasset" 702
"../../../Engine/Plugins/Interchange/Runtime/Content/gltf/MaterialInstances_MR/MI_Opaque_Unlit_TS.uexp" 703
"../../../Engine/Plugins/Interchange/Runtime/Content/gltf/MaterialInstances_MR/MI_Opaque_Unlit.uasset" 704
"../../../Engine/Plugins/Interchange/Runtime/Content/gltf/MaterialInstances_MR/MI_Opaque_Unlit.uexp" 705
"../../../Engine/Plugins/Interchange/Runtime/Content/gltf/MaterialInstances_MR/MI_Opaque_TS.uasset" 706
"../../../Engine/Plugins/Interchange/Runtime/Content/gltf/MaterialInstances_MR/MI_Opaque_TS.uexp" 707
"../../../Engine/Plugins/Interchange/Runtime/Content/gltf/MaterialFunctions/MF_Sheen.uasset" 708
"../../../Engine/Plugins/Interchange/Runtime/Content/gltf/MaterialFunctions/MF_Sheen.uexp" 709
"../../../Engine/Content/Functions/Engine_MaterialFunctions01/Shading/FuzzyShading.uasset" 710
"../../../Engine/Content/Functions/Engine_MaterialFunctions01/Shading/FuzzyShading.uexp" 711
"../../../Engine/Plugins/Interchange/Runtime/Content/gltf/M_Sheen.uasset" 712
"../../../Engine/Plugins/Interchange/Runtime/Content/gltf/M_Sheen.uexp" 713
"../../../Engine/Plugins/Interchange/Runtime/Content/gltf/MaterialInstances_MR/MI_Opaque_Sheen_TS.uasset" 714
"../../../Engine/Plugins/Interchange/Runtime/Content/gltf/MaterialInstances_MR/MI_Opaque_Sheen_TS.uexp" 715
"../../../Engine/Plugins/Interchange/Runtime/Content/gltf/MaterialInstances_MR/MI_Opaque_Sheen.uasset" 716
"../../../Engine/Plugins/Interchange/Runtime/Content/gltf/MaterialInstances_MR/MI_Opaque_Sheen.uexp" 717
"../../../Engine/Plugins/Interchange/Runtime/Content/gltf/MaterialInstances_MR/MI_Opaque_ClearCoat_TS.uasset" 718
"../../../Engine/Plugins/Interchange/Runtime/Content/gltf/MaterialInstances_MR/MI_Opaque_ClearCoat_TS.uexp" 719
"../../../Engine/Plugins/Interchange/Runtime/Content/gltf/MaterialInstances_MR/MI_Opaque_ClearCoat.uasset" 720
"../../../Engine/Plugins/Interchange/Runtime/Content/gltf/MaterialInstances_MR/MI_Opaque_ClearCoat.uexp" 721
"../../../Engine/Plugins/Interchange/Runtime/Content/gltf/MaterialInstances_MR/MI_Opaque.uasset" 722
"../../../Engine/Plugins/Interchange/Runtime/Content/gltf/MaterialInstances_MR/MI_Opaque.uexp" 723
"../../../Engine/Plugins/Interchange/Runtime/Content/gltf/MaterialInstances_SG/MI_Transmission_TS.uasset" 724
"../../../Engine/Plugins/Interchange/Runtime/Content/gltf/MaterialInstances_SG/MI_Transmission_TS.uexp" 725
"../../../Engine/Plugins/Interchange/Runtime/Content/gltf/MaterialInstances_SG/MI_Transmission.uasset" 726
"../../../Engine/Plugins/Interchange/Runtime/Content/gltf/MaterialInstances_SG/MI_Transmission.uexp" 727
"../../../Engine/Plugins/Interchange/Runtime/Content/gltf/MaterialInstances_SG/MI_Translucent_TS.uasset" 728
"../../../Engine/Plugins/Interchange/Runtime/Content/gltf/MaterialInstances_SG/MI_Translucent_TS.uexp" 729
"../../../Engine/Plugins/Interchange/Runtime/Content/gltf/MaterialInstances_SG/MI_Translucent_ClearCoat_TS.uasset" 730
"../../../Engine/Plugins/Interchange/Runtime/Content/gltf/MaterialInstances_SG/MI_Translucent_ClearCoat_TS.uexp" 731
"../../../Engine/Plugins/Interchange/Runtime/Content/gltf/MaterialInstances_SG/MI_Translucent_ClearCoat.uasset" 732
"../../../Engine/Plugins/Interchange/Runtime/Content/gltf/MaterialInstances_SG/MI_Translucent_ClearCoat.uexp" 733
"../../../Engine/Plugins/Interchange/Runtime/Content/gltf/MaterialInstances_SG/MI_Translucent.uasset" 734
"../../../Engine/Plugins/Interchange/Runtime/Content/gltf/MaterialInstances_SG/MI_Translucent.uexp" 735
"../../../Engine/Plugins/Interchange/Runtime/Content/gltf/MaterialInstances_SG/MI_Opaque_TS.uasset" 736
"../../../Engine/Plugins/Interchange/Runtime/Content/gltf/MaterialInstances_SG/MI_Opaque_TS.uexp" 737
"../../../Engine/Plugins/Interchange/Runtime/Content/gltf/MaterialInstances_SG/MI_Opaque_Sheen_TS.uasset" 738
"../../../Engine/Plugins/Interchange/Runtime/Content/gltf/MaterialInstances_SG/MI_Opaque_Sheen_TS.uexp" 739
"../../../Engine/Plugins/Interchange/Runtime/Content/gltf/MaterialInstances_SG/MI_Opaque_Sheen.uasset" 740
"../../../Engine/Plugins/Interchange/Runtime/Content/gltf/MaterialInstances_SG/MI_Opaque_Sheen.uexp" 741
"../../../Engine/Plugins/Interchange/Runtime/Content/gltf/MaterialInstances_SG/MI_Opaque_ClearCoat_TS.uasset" 742
"../../../Engine/Plugins/Interchange/Runtime/Content/gltf/MaterialInstances_SG/MI_Opaque_ClearCoat_TS.uexp" 743
"../../../Engine/Plugins/Interchange/Runtime/Content/gltf/MaterialInstances_SG/MI_Opaque_ClearCoat.uasset" 744
"../../../Engine/Plugins/Interchange/Runtime/Content/gltf/MaterialInstances_SG/MI_Opaque_ClearCoat.uexp" 745
"../../../Engine/Content/Maps/Entry_BuiltData.uasset" 746
"../../../Engine/Content/Maps/Entry_BuiltData.uexp" 747
"../../../Engine/Content/Maps/Entry.uexp" 748
"../../../Engine/Content/Maps/Entry.umap" 749
"../../../Engine/Content/BasicShapes/Cube.ubulk" 750
"../../../Engine/Content/BasicShapes/Cube.uasset" 751
"../../../Engine/Content/BasicShapes/Cube.uexp" 752
"C:/Users/sonic/Desktop/GGJ Backup/Content/Audio/Wetlands/QP09_1017_Wetlands_swamp_early_morning_trickle.ubulk" 753
"C:/Users/sonic/Desktop/GGJ Backup/Content/Audio/Wetlands/QP09_1017_Wetlands_swamp_early_morning_trickle.uasset" 754
"C:/Users/sonic/Desktop/GGJ Backup/Content/Audio/Wetlands/QP09_1017_Wetlands_swamp_early_morning_trickle.uexp" 755
"C:/Users/sonic/Desktop/GGJ Backup/Content/Art/Sprites/Water_Droplet_02.uasset" 756
"C:/Users/sonic/Desktop/GGJ Backup/Content/Art/Sprites/Water_Droplet_02.uexp" 757
"C:/Users/sonic/Desktop/GGJ Backup/Content/Art/Sprites/Water_Droplet_02_Sprite.uasset" 758
"C:/Users/sonic/Desktop/GGJ Backup/Content/Art/Sprites/Water_Droplet_02_Sprite.uexp" 759
"C:/Users/sonic/Desktop/GGJ Backup/Content/Art/Sprites/Water_Droplet_01.uasset" 760
"C:/Users/sonic/Desktop/GGJ Backup/Content/Art/Sprites/Water_Droplet_01.uexp" 761
"C:/Users/sonic/Desktop/GGJ Backup/Content/Art/Sprites/Water_Droplet_01_Sprite.uasset" 762
"C:/Users/sonic/Desktop/GGJ Backup/Content/Art/Sprites/Water_Droplet_01_Sprite.uexp" 763
"C:/Users/sonic/Desktop/GGJ Backup/Content/BP/WaterDroplet.uasset" 764
"C:/Users/sonic/Desktop/GGJ Backup/Content/BP/WaterDroplet.uexp" 765
"../../../Engine/Plugins/2D/Paper2D/Content/TranslucentUnlitSpriteMaterial.uasset" 766
"../../../Engine/Plugins/2D/Paper2D/Content/TranslucentUnlitSpriteMaterial.uexp" 767
"C:/Users/sonic/Desktop/GGJ Backup/Content/Art/Characters/Ent_No_Leaves.uasset" 768
"C:/Users/sonic/Desktop/GGJ Backup/Content/Art/Characters/Ent_No_Leaves.uexp" 769
"C:/Users/sonic/Desktop/GGJ Backup/Content/Art/Characters/Ent_No_Leaves_Sprite_8.uasset" 770
"C:/Users/sonic/Desktop/GGJ Backup/Content/Art/Characters/Ent_No_Leaves_Sprite_8.uexp" 771
"C:/Users/sonic/Desktop/GGJ Backup/Content/Art/Characters/Ent_No_Leaves_Sprite_4.uasset" 772
"C:/Users/sonic/Desktop/GGJ Backup/Content/Art/Characters/Ent_No_Leaves_Sprite_4.uexp" 773
"C:/Users/sonic/Desktop/GGJ Backup/Content/Art/Characters/Ent_No_Leaves_Sprite_5.uasset" 774
"C:/Users/sonic/Desktop/GGJ Backup/Content/Art/Characters/Ent_No_Leaves_Sprite_5.uexp" 775
"C:/Users/sonic/Desktop/GGJ Backup/Content/Art/Characters/Ent_No_Leaves_Sprite_7.uasset" 776
"C:/Users/sonic/Desktop/GGJ Backup/Content/Art/Characters/Ent_No_Leaves_Sprite_7.uexp" 777
"C:/Users/sonic/Desktop/GGJ Backup/Content/Art/Characters/EntWalkUp.uasset" 778
"C:/Users/sonic/Desktop/GGJ Backup/Content/Art/Characters/EntWalkUp.uexp" 779
"C:/Users/sonic/Desktop/GGJ Backup/Content/Art/Characters/Ent_No_Leaves_Sprite_13.uasset" 780
"C:/Users/sonic/Desktop/GGJ Backup/Content/Art/Characters/Ent_No_Leaves_Sprite_13.uexp" 781
"C:/Users/sonic/Desktop/GGJ Backup/Content/Art/Characters/Ent_No_Leaves_Sprite_14.uasset" 782
"C:/Users/sonic/Desktop/GGJ Backup/Content/Art/Characters/Ent_No_Leaves_Sprite_14.uexp" 783
"C:/Users/sonic/Desktop/GGJ Backup/Content/Art/Characters/Ent_No_Leaves_Sprite_16.uasset" 784
"C:/Users/sonic/Desktop/GGJ Backup/Content/Art/Characters/Ent_No_Leaves_Sprite_16.uexp" 785
"C:/Users/sonic/Desktop/GGJ Backup/Content/Art/Characters/EntWalkRight.uasset" 786
"C:/Users/sonic/Desktop/GGJ Backup/Content/Art/Characters/EntWalkRight.uexp" 787
"C:/Users/sonic/Desktop/GGJ Backup/Content/Art/Characters/Ent_No_Leaves_Sprite_9.uasset" 788
"C:/Users/sonic/Desktop/GGJ Backup/Content/Art/Characters/Ent_No_Leaves_Sprite_9.uexp" 789
"C:/Users/sonic/Desktop/GGJ Backup/Content/Art/Characters/Ent_No_Leaves_Sprite_10.uasset" 790
"C:/Users/sonic/Desktop/GGJ Backup/Content/Art/Characters/Ent_No_Leaves_Sprite_10.uexp" 791
"C:/Users/sonic/Desktop/GGJ Backup/Content/Art/Characters/Ent_No_Leaves_Sprite_12.uasset" 792
"C:/Users/sonic/Desktop/GGJ Backup/Content/Art/Characters/Ent_No_Leaves_Sprite_12.uexp" 793
"C:/Users/sonic/Desktop/GGJ Backup/Content/Art/Characters/EntWalkLeft.uasset" 794
"C:/Users/sonic/Desktop/GGJ Backup/Content/Art/Characters/EntWalkLeft.uexp" 795
"C:/Users/sonic/Desktop/GGJ Backup/Content/Art/Characters/Ent_No_Leaves_Sprite_0.uasset" 796
"C:/Users/sonic/Desktop/GGJ Backup/Content/Art/Characters/Ent_No_Leaves_Sprite_0.uexp" 797
"C:/Users/sonic/Desktop/GGJ Backup/Content/Art/Characters/Ent_No_Leaves_Sprite_1.uasset" 798
"C:/Users/sonic/Desktop/GGJ Backup/Content/Art/Characters/Ent_No_Leaves_Sprite_1.uexp" 799
"C:/Users/sonic/Desktop/GGJ Backup/Content/Art/Characters/Ent_No_Leaves_Sprite_3.uasset" 800
"C:/Users/sonic/Desktop/GGJ Backup/Content/Art/Characters/Ent_No_Leaves_Sprite_3.uexp" 801
"C:/Users/sonic/Desktop/GGJ Backup/Content/Art/Characters/EntWalkDown.uasset" 802
"C:/Users/sonic/Desktop/GGJ Backup/Content/Art/Characters/EntWalkDown.uexp" 803
"C:/Users/sonic/Desktop/GGJ Backup/Content/Art/Characters/EntIdle.uasset" 804
"C:/Users/sonic/Desktop/GGJ Backup/Content/Art/Characters/EntIdle.uexp" 805
"C:/Users/sonic/Desktop/GGJ Backup/Content/Art/Transparent/Elm_Tree_Full_Transparent.ubulk" 806
"C:/Users/sonic/Desktop/GGJ Backup/Content/Art/Transparent/Elm_Tree_Full_Transparent.uasset" 807
"C:/Users/sonic/Desktop/GGJ Backup/Content/Art/Transparent/Elm_Tree_Full_Transparent.uexp" 808
"C:/Users/sonic/Desktop/GGJ Backup/Content/Art/Transparent/Elm_Tree_Full_Transparent_Sprite.uasset" 809
"C:/Users/sonic/Desktop/GGJ Backup/Content/Art/Transparent/Elm_Tree_Full_Transparent_Sprite.uexp" 810
"C:/Users/sonic/Desktop/GGJ Backup/Content/BP/ElmTree.uasset" 811
"C:/Users/sonic/Desktop/GGJ Backup/Content/BP/ElmTree.uexp" 812
"C:/Users/sonic/Desktop/GGJ Backup/Content/BP/Ent.uasset" 813
"C:/Users/sonic/Desktop/GGJ Backup/Content/BP/Ent.uexp" 814
"C:/Users/sonic/Desktop/GGJ Backup/Content/Menus/HUD.uasset" 815
"C:/Users/sonic/Desktop/GGJ Backup/Content/Menus/HUD.uexp" 816
"C:/Users/sonic/Desktop/GGJ Backup/Content/Art/Menu_Sprites/Pause_Menu_Resume_Unselected.ubulk" 817
"C:/Users/sonic/Desktop/GGJ Backup/Content/Art/Menu_Sprites/Pause_Menu_Resume_Unselected.uasset" 818
"C:/Users/sonic/Desktop/GGJ Backup/Content/Art/Menu_Sprites/Pause_Menu_Resume_Unselected.uexp" 819
"C:/Users/sonic/Desktop/GGJ Backup/Content/Art/Menu_Sprites/Pause_Menu_Resume_Unselected_Sprite.uasset" 820
"C:/Users/sonic/Desktop/GGJ Backup/Content/Art/Menu_Sprites/Pause_Menu_Resume_Unselected_Sprite.uexp" 821
"C:/Users/sonic/Desktop/GGJ Backup/Content/Art/Menu_Sprites/Main_Menu_Exit_Unselected.ubulk" 822
"C:/Users/sonic/Desktop/GGJ Backup/Content/Art/Menu_Sprites/Main_Menu_Exit_Unselected.uasset" 823
"C:/Users/sonic/Desktop/GGJ Backup/Content/Art/Menu_Sprites/Main_Menu_Exit_Unselected.uexp" 824
"C:/Users/sonic/Desktop/GGJ Backup/Content/Menus/PauseMenu.uasset" 825
"C:/Users/sonic/Desktop/GGJ Backup/Content/Menus/PauseMenu.uexp" 826
"C:/Users/sonic/Desktop/GGJ Backup/Content/BP/WaterDropSpawn.uasset" 827
"C:/Users/sonic/Desktop/GGJ Backup/Content/BP/WaterDropSpawn.uexp" 828
"../../../Engine/Content/BasicShapes/BasicShapeMaterial.uasset" 829
"../../../Engine/Content/BasicShapes/BasicShapeMaterial.uexp" 830
"C:/Users/sonic/Desktop/GGJ Backup/Content/SinglePlayer.uasset" 831
"C:/Users/sonic/Desktop/GGJ Backup/Content/SinglePlayer.uexp" 832
"C:/Users/sonic/Desktop/GGJ Backup/Content/StarterContent/Textures/T_Ground_Grass_D.ubulk" 833
"C:/Users/sonic/Desktop/GGJ Backup/Content/StarterContent/Textures/T_Ground_Grass_D.uasset" 834
"C:/Users/sonic/Desktop/GGJ Backup/Content/StarterContent/Textures/T_Ground_Grass_D.uexp" 835
"C:/Users/sonic/Desktop/GGJ Backup/Content/StarterContent/Textures/T_Ground_Grass_N.ubulk" 836
"C:/Users/sonic/Desktop/GGJ Backup/Content/StarterContent/Textures/T_Ground_Grass_N.uasset" 837
"C:/Users/sonic/Desktop/GGJ Backup/Content/StarterContent/Textures/T_Ground_Grass_N.uexp" 838
"C:/Users/sonic/Desktop/GGJ Backup/Content/StarterContent/Textures/T_Perlin_Noise_M.ubulk" 839
"C:/Users/sonic/Desktop/GGJ Backup/Content/StarterContent/Textures/T_Perlin_Noise_M.uasset" 840
"C:/Users/sonic/Desktop/GGJ Backup/Content/StarterContent/Textures/T_Perlin_Noise_M.uexp" 841
"C:/Users/sonic/Desktop/GGJ Backup/Content/StarterContent/Textures/T_MacroVariation.uasset" 842
"C:/Users/sonic/Desktop/GGJ Backup/Content/StarterContent/Textures/T_MacroVariation.uexp" 843
"C:/Users/sonic/Desktop/GGJ Backup/Content/StarterContent/Materials/M_Ground_Grass.uasset" 844
"C:/Users/sonic/Desktop/GGJ Backup/Content/StarterContent/Materials/M_Ground_Grass.uexp" 845
"C:/Users/sonic/Desktop/GGJ Backup/Content/Levels/Level_1_BuiltData.ubulk" 846
"C:/Users/sonic/Desktop/GGJ Backup/Content/Levels/Level_1_BuiltData.uasset" 847
"C:/Users/sonic/Desktop/GGJ Backup/Content/Levels/Level_1_BuiltData.uexp" 848
"../../../Engine/Content/EditorBlueprintResources/StandardMacros.uasset" 849
"../../../Engine/Content/EditorBlueprintResources/StandardMacros.uexp" 850
"C:/Users/sonic/Desktop/GGJ Backup/Content/Art/Terrain/Grass-Full_Solid_Tufts_Flowers.uasset" 851
"C:/Users/sonic/Desktop/GGJ Backup/Content/Art/Terrain/Grass-Full_Solid_Tufts_Flowers.uexp" 852
"C:/Users/sonic/Desktop/GGJ Backup/Content/Art/Sprites/GrassTM3.uasset" 853
"C:/Users/sonic/Desktop/GGJ Backup/Content/Art/Sprites/GrassTM3.uexp" 854
"C:/Users/sonic/Desktop/GGJ Backup/Content/Art/Terrain/Grass-Full_Solid_Tufts.uasset" 855
"C:/Users/sonic/Desktop/GGJ Backup/Content/Art/Terrain/Grass-Full_Solid_Tufts.uexp" 856
"C:/Users/sonic/Desktop/GGJ Backup/Content/Art/Sprites/GrassTM2.uasset" 857
"C:/Users/sonic/Desktop/GGJ Backup/Content/Art/Sprites/GrassTM2.uexp" 858
"C:/Users/sonic/Desktop/GGJ Backup/Content/Art/Terrain/Grass-Full_Solid_Flowers.uasset" 859
"C:/Users/sonic/Desktop/GGJ Backup/Content/Art/Terrain/Grass-Full_Solid_Flowers.uexp" 860
"C:/Users/sonic/Desktop/GGJ Backup/Content/Art/Sprites/GrassTM1.uasset" 861
"C:/Users/sonic/Desktop/GGJ Backup/Content/Art/Sprites/GrassTM1.uexp" 862
"C:/Users/sonic/Desktop/GGJ Backup/Content/Art/Terrain/Grass-Full_Solid.uasset" 863
"C:/Users/sonic/Desktop/GGJ Backup/Content/Art/Terrain/Grass-Full_Solid.uexp" 864
"C:/Users/sonic/Desktop/GGJ Backup/Content/Art/Sprites/GrassTM.uasset" 865
"C:/Users/sonic/Desktop/GGJ Backup/Content/Art/Sprites/GrassTM.uexp" 866
"C:/Users/sonic/Desktop/GGJ Backup/Content/Art/Terrain/Grass_Elm_Tree_Line_Bottom.uasset" 867
"C:/Users/sonic/Desktop/GGJ Backup/Content/Art/Terrain/Grass_Elm_Tree_Line_Bottom.uexp" 868
"C:/Users/sonic/Desktop/GGJ Backup/Content/Art/Sprites/ElmBGTM1.uasset" 869
"C:/Users/sonic/Desktop/GGJ Backup/Content/Art/Sprites/ElmBGTM1.uexp" 870
"C:/Users/sonic/Desktop/GGJ Backup/Content/Art/Transparent/Elm_Tree_Full_Transparent_TileSet.uasset" 871
"C:/Users/sonic/Desktop/GGJ Backup/Content/Art/Transparent/Elm_Tree_Full_Transparent_TileSet.uexp" 872
"C:/Users/sonic/Desktop/GGJ Backup/Content/Art/Terrain/River_Full-Edit-Test.uasset" 873
"C:/Users/sonic/Desktop/GGJ Backup/Content/Art/Terrain/River_Full-Edit-Test.uexp" 874
"C:/Users/sonic/Desktop/GGJ Backup/Content/Art/Terrain/River_Full-Edit-Test_TileSet.uasset" 875
"C:/Users/sonic/Desktop/GGJ Backup/Content/Art/Terrain/River_Full-Edit-Test_TileSet.uexp" 876
"C:/Users/sonic/Desktop/GGJ Backup/Content/Art/Terrain/Grass_River_Transition_Corner_04.uasset" 877
"C:/Users/sonic/Desktop/GGJ Backup/Content/Art/Terrain/Grass_River_Transition_Corner_04.uexp" 878
"C:/Users/sonic/Desktop/GGJ Backup/Content/Art/Terrain/Grass_River_Transition_Corner_04_TileSet.uasset" 879
"C:/Users/sonic/Desktop/GGJ Backup/Content/Art/Terrain/Grass_River_Transition_Corner_04_TileSet.uexp" 880
"C:/Users/sonic/Desktop/GGJ Backup/Content/Art/Terrain/Grass_River_Transition_Corner_03.uasset" 881
"C:/Users/sonic/Desktop/GGJ Backup/Content/Art/Terrain/Grass_River_Transition_Corner_03.uexp" 882
"C:/Users/sonic/Desktop/GGJ Backup/Content/Art/Terrain/Grass_River_Transition_Corner_03_TileSet.uasset" 883
"C:/Users/sonic/Desktop/GGJ Backup/Content/Art/Terrain/Grass_River_Transition_Corner_03_TileSet.uexp" 884
"C:/Users/sonic/Desktop/GGJ Backup/Content/Art/Terrain/Grass_River_Transition_Corner_02.uasset" 885
"C:/Users/sonic/Desktop/GGJ Backup/Content/Art/Terrain/Grass_River_Transition_Corner_02.uexp" 886
"C:/Users/sonic/Desktop/GGJ Backup/Content/Art/Terrain/Grass_River_Transition_Corner_02_TileSet.uasset" 887
"C:/Users/sonic/Desktop/GGJ Backup/Content/Art/Terrain/Grass_River_Transition_Corner_02_TileSet.uexp" 888
"C:/Users/sonic/Desktop/GGJ Backup/Content/Art/Terrain/Grass_River_Transition_Corner_01.uasset" 889
"C:/Users/sonic/Desktop/GGJ Backup/Content/Art/Terrain/Grass_River_Transition_Corner_01.uexp" 890
"C:/Users/sonic/Desktop/GGJ Backup/Content/Art/Terrain/Grass_River_Transition_Corner_01_TileSet.uasset" 891
"C:/Users/sonic/Desktop/GGJ Backup/Content/Art/Terrain/Grass_River_Transition_Corner_01_TileSet.uexp" 892
"C:/Users/sonic/Desktop/GGJ Backup/Content/Art/Terrain/Grass_River_Transition_04.uasset" 893
"C:/Users/sonic/Desktop/GGJ Backup/Content/Art/Terrain/Grass_River_Transition_04.uexp" 894
"C:/Users/sonic/Desktop/GGJ Backup/Content/Art/Terrain/Grass_River_Transition_04_TileSet.uasset" 895
"C:/Users/sonic/Desktop/GGJ Backup/Content/Art/Terrain/Grass_River_Transition_04_TileSet.uexp" 896
"C:/Users/sonic/Desktop/GGJ Backup/Content/Art/Terrain/Grass_River_Transition_03.uasset" 897
"C:/Users/sonic/Desktop/GGJ Backup/Content/Art/Terrain/Grass_River_Transition_03.uexp" 898
"C:/Users/sonic/Desktop/GGJ Backup/Content/Art/Terrain/Grass_River_Transition_03_TileSet.uasset" 899
"C:/Users/sonic/Desktop/GGJ Backup/Content/Art/Terrain/Grass_River_Transition_03_TileSet.uexp" 900
"C:/Users/sonic/Desktop/GGJ Backup/Content/Art/Terrain/Grass_River_Transition_02.uasset" 901
"C:/Users/sonic/Desktop/GGJ Backup/Content/Art/Terrain/Grass_River_Transition_02.uexp" 902
"C:/Users/sonic/Desktop/GGJ Backup/Content/Art/Terrain/Grass_River_Transition_02_TileSet.uasset" 903
"C:/Users/sonic/Desktop/GGJ Backup/Content/Art/Terrain/Grass_River_Transition_02_TileSet.uexp" 904
"C:/Users/sonic/Desktop/GGJ Backup/Content/Art/Terrain/Grass_River_Transition_01.uasset" 905
"C:/Users/sonic/Desktop/GGJ Backup/Content/Art/Terrain/Grass_River_Transition_01.uexp" 906
"C:/Users/sonic/Desktop/GGJ Backup/Content/Art/Terrain/Grass_River_Transition_01_TileSet.uasset" 907
"C:/Users/sonic/Desktop/GGJ Backup/Content/Art/Terrain/Grass_River_Transition_01_TileSet.uexp" 908
"C:/Users/sonic/Desktop/GGJ Backup/Content/Art/Terrain/Grass_Full_Rocks.uasset" 909
"C:/Users/sonic/Desktop/GGJ Backup/Content/Art/Terrain/Grass_Full_Rocks.uexp" 910
"C:/Users/sonic/Desktop/GGJ Backup/Content/Art/Terrain/Grass_Full_Rocks_TileSet.uasset" 911
"C:/Users/sonic/Desktop/GGJ Backup/Content/Art/Terrain/Grass_Full_Rocks_TileSet.uexp" 912
"C:/Users/sonic/Desktop/GGJ Backup/Content/Art/Sprites/GrassTS.uasset" 913
"C:/Users/sonic/Desktop/GGJ Backup/Content/Art/Sprites/GrassTS.uexp" 914
"C:/Users/sonic/Desktop/GGJ Backup/Content/Levels/Level_1.uexp" 915
"C:/Users/sonic/Desktop/GGJ Backup/Content/Levels/Level_1.umap" 916
